;  LST file generated by mikroListExporter - v.2.0 
; Date/Time: 2/5/2013 6:46:53 AM
;----------------------------------------------

;Address Opcode 	ASM
0x0000	0xF003EF79  	GOTO        1778
0x0004	0x0000      	NOP
0x0006	0x0000      	NOP
0x0008	0xF000EF00  	GOTO        0
0x000C	0x0000      	NOP
0x000E	0x0000      	NOP
0x0010	0x0000      	NOP
0x0012	0x0000      	NOP
0x0014	0x0000      	NOP
0x0016	0x0000      	NOP
0x0018	0xD7F3      	BRA         0
_RES032:
;__Lib_MathDouble.c,128 :: 		
;__Lib_MathDouble.c,134 :: 		
0x001C	0x6A02      	CLRF        R2, 0
;__Lib_MathDouble.c,135 :: 		
0x001E	0x6A01      	CLRF        R1, 0
;__Lib_MathDouble.c,136 :: 		
0x0020	0x6A00      	CLRF        R0, 0
;__Lib_MathDouble.c,137 :: 		
0x0022	0x6A08      	CLRF        R8, 0
;__Lib_MathDouble.c,138 :: 		
0x0024	0x6A03      	CLRF        R3, 0
;__Lib_MathDouble.c,139 :: 		
0x0026	0x0E00      	MOVLW       0
;__Lib_MathDouble.c,141 :: 		
L_end_RES032:
0x0028	0x0012      	RETURN      0
; end of _RES032
_SETFOV32:
;__Lib_MathDouble.c,82 :: 		
;__Lib_MathDouble.c,90 :: 		
0x002A	0x820B      	BSF         R11, 1, 0
;__Lib_MathDouble.c,91 :: 		
0x002C	0xAE0B      	BTFSS       R11, 7, 0
;__Lib_MathDouble.c,92 :: 		
0x002E	0xF000EF1F  	GOTO        SETFOV32EEE
;__Lib_MathDouble.c,94 :: 		
0x0032	0x6803      	SETF        R3, 0
;__Lib_MathDouble.c,95 :: 		
0x0034	0x6802      	SETF        R2, 0
;__Lib_MathDouble.c,96 :: 		
0x0036	0x6801      	SETF        R1, 0
;__Lib_MathDouble.c,97 :: 		
0x0038	0x6800      	SETF        R0, 0
;__Lib_MathDouble.c,98 :: 		
0x003A	0x360A      	RLCF        R10, 1, 0
;__Lib_MathDouble.c,99 :: 		
0x003C	0x3202      	RRCF        R2, 1, 0
;__Lib_MathDouble.c,100 :: 		
SETFOV32EEE:
;__Lib_MathDouble.c,101 :: 		
0x003E	0x0EFF      	MOVLW       255
;__Lib_MathDouble.c,103 :: 		
L_end_SETFOV32:
0x0040	0x0012      	RETURN      0
; end of _SETFOV32
_FIXSIGN32:
;__Lib_MathDouble.c,117 :: 		
;__Lib_MathDouble.c,121 :: 		
0x0042	0xAE0A      	BTFSS       R10, 7, 0
;__Lib_MathDouble.c,122 :: 		
0x0044	0x9E02      	BCF         R2, 7, 0
;__Lib_MathDouble.c,123 :: 		
0x0046	0x0E00      	MOVLW       0
;__Lib_MathDouble.c,125 :: 		
L_end_FIXSIGN32:
0x0048	0x0012      	RETURN      0
; end of _FIXSIGN32
_SETFUN32:
;__Lib_MathDouble.c,144 :: 		
;__Lib_MathDouble.c,152 :: 		
0x004A	0x840B      	BSF         R11, 2, 0
;__Lib_MathDouble.c,153 :: 		
0x004C	0xAE0B      	BTFSS       R11, 7, 0
;__Lib_MathDouble.c,154 :: 		
0x004E	0xF000EF30  	GOTO        SETFUN32EEE
;__Lib_MathDouble.c,156 :: 		
0x0052	0x0E01      	MOVLW       1
;__Lib_MathDouble.c,157 :: 		
0x0054	0x6E03      	MOVWF       R3, 0
;__Lib_MathDouble.c,158 :: 		
0x0056	0x6A02      	CLRF        R2, 0
;__Lib_MathDouble.c,159 :: 		
0x0058	0x6A01      	CLRF        R1, 0
;__Lib_MathDouble.c,160 :: 		
0x005A	0x6A00      	CLRF        R0, 0
;__Lib_MathDouble.c,161 :: 		
0x005C	0x360A      	RLCF        R10, 1, 0
;__Lib_MathDouble.c,162 :: 		
0x005E	0x3202      	RRCF        R2, 1, 0
;__Lib_MathDouble.c,163 :: 		
SETFUN32EEE:
;__Lib_MathDouble.c,164 :: 		
0x0060	0x0EFF      	MOVLW       255
;__Lib_MathDouble.c,166 :: 		
L_end_SETFUN32:
0x0062	0x0012      	RETURN      0
; end of _SETFUN32
____init_core___:
;PIC18F4550lib.c,3 :: 		void ___init_core___() {
;PIC18F4550lib.c,4 :: 		ADCON1 = 0x0F; // page 268, disable analaog
0x0064	0x0E0F      	MOVLW       15
0x0066	0x6EC1      	MOVWF       ADCON1 
;PIC18F4550lib.c,5 :: 		CMCON = 0x07; // disable comparator
0x0068	0x0E07      	MOVLW       7
0x006A	0x6EB4      	MOVWF       CMCON 
;PIC18F4550lib.c,6 :: 		INTCON2 = 0x80; // disable pull up in port b
0x006C	0x0E80      	MOVLW       128
0x006E	0x6EF1      	MOVWF       INTCON2 
;PIC18F4550lib.c,8 :: 		LATA = 0x00; // Make all output ports 0
0x0070	0x6A89      	CLRF        LATA 
;PIC18F4550lib.c,9 :: 		LATC = 0x00; // Make all output ports 0
0x0072	0x6A8B      	CLRF        LATC 
;PIC18F4550lib.c,10 :: 		LATD = 0x00; // Make all output ports 0
0x0074	0x6A8C      	CLRF        LATD 
;PIC18F4550lib.c,11 :: 		LATE = 0x00; // Make all output ports 0
0x0076	0x6A8D      	CLRF        LATE 
;PIC18F4550lib.c,13 :: 		TRISA = 0x03; // Make 00000011 directional ports.
0x0078	0x0E03      	MOVLW       3
0x007A	0x6E92      	MOVWF       TRISA 
;PIC18F4550lib.c,14 :: 		TRISC = 0x00; // Make all ports output
0x007C	0x6A94      	CLRF        TRISC 
;PIC18F4550lib.c,15 :: 		TRISD = 0x00; // Make all ports output
0x007E	0x6A95      	CLRF        TRISD 
;PIC18F4550lib.c,16 :: 		TRISE = 0x00; // Make all ports output
0x0080	0x6A96      	CLRF        TRISE 
;PIC18F4550lib.c,18 :: 		PORTA = 0x00; // Make all ports 0
0x0082	0x6A80      	CLRF        PORTA 
;PIC18F4550lib.c,19 :: 		PORTC = 0x00; // Make all ports 0
0x0084	0x6A82      	CLRF        PORTC 
;PIC18F4550lib.c,20 :: 		PORTD = 0x00; // Make all ports 0
0x0086	0x6A83      	CLRF        PORTD 
;PIC18F4550lib.c,21 :: 		PORTE = 0x00; // Make all ports 0
0x0088	0x6A84      	CLRF        PORTE 
;PIC18F4550lib.c,23 :: 		LATA = 0x03;
0x008A	0x0E03      	MOVLW       3
0x008C	0x6E89      	MOVWF       LATA 
;PIC18F4550lib.c,24 :: 		}
L_end____init_core___:
0x008E	0x0012      	RETURN      0
; end of ____init_core___
_NRM4032:
;__Lib_MathDouble.c,174 :: 		
;__Lib_MathDouble.c,183 :: 		
0x0090	0xB00C      	BTFSC       R12, 0, 0
;__Lib_MathDouble.c,184 :: 		
0x0092	0xF000EF8A  	GOTO        NRMRND4032
;__Lib_MathDouble.c,185 :: 		
0x0096	0xA20C      	BTFSS       R12, 1, 0
;__Lib_MathDouble.c,186 :: 		
0x0098	0xF001EF30  	GOTO        NRM40JPSETFOV32
;__Lib_MathDouble.c,188 :: 		
0x009C	0x6A0E      	CLRF        R14, 0
;__Lib_MathDouble.c,189 :: 		
0x009E	0x0E00      	MOVLW       0
;__Lib_MathDouble.c,190 :: 		
0x00A0	0x6402      	CPFSGT      R2, 0
;__Lib_MathDouble.c,191 :: 		
0x00A2	0xF000EFA1  	GOTO        NRM4032A
;__Lib_MathDouble.c,194 :: 		
0x00A6	0x0EF0      	MOVLW       240
;__Lib_MathDouble.c,195 :: 		
0x00A8	0x1402      	ANDWF       R2, 0, 0
;__Lib_MathDouble.c,196 :: 		
0x00AA	0xA4D8      	BTFSS       STATUS, 2, 0
;__Lib_MathDouble.c,197 :: 		
0x00AC	0xF000EF6C  	GOTO        NORM4032
;__Lib_MathDouble.c,199 :: 		
0x00B0	0x3A02      	SWAPF       R2, 1, 0
;__Lib_MathDouble.c,200 :: 		
0x00B2	0x3801      	SWAPF       R1, 0, 0
;__Lib_MathDouble.c,201 :: 		
0x00B4	0x0B0F      	ANDLW       15
;__Lib_MathDouble.c,202 :: 		
0x00B6	0x2602      	ADDWF       R2, 1, 0
;__Lib_MathDouble.c,204 :: 		
0x00B8	0x3801      	SWAPF       R1, 0, 0
;__Lib_MathDouble.c,205 :: 		
0x00BA	0x0BF0      	ANDLW       240
;__Lib_MathDouble.c,206 :: 		
0x00BC	0x6E01      	MOVWF       R1, 0
;__Lib_MathDouble.c,207 :: 		
0x00BE	0x3800      	SWAPF       R0, 0, 0
;__Lib_MathDouble.c,208 :: 		
0x00C0	0x0B0F      	ANDLW       15
;__Lib_MathDouble.c,209 :: 		
0x00C2	0x2601      	ADDWF       R1, 1, 0
;__Lib_MathDouble.c,211 :: 		
0x00C4	0x3800      	SWAPF       R0, 0, 0
;__Lib_MathDouble.c,212 :: 		
0x00C6	0x0BF0      	ANDLW       240
;__Lib_MathDouble.c,213 :: 		
0x00C8	0x6E00      	MOVWF       R0, 0
;__Lib_MathDouble.c,214 :: 		
0x00CA	0x3808      	SWAPF       R8, 0, 0
;__Lib_MathDouble.c,215 :: 		
0x00CC	0x0B0F      	ANDLW       15
;__Lib_MathDouble.c,216 :: 		
0x00CE	0x2600      	ADDWF       R0, 1, 0
;__Lib_MathDouble.c,218 :: 		
0x00D0	0x3808      	SWAPF       R8, 0, 0
;__Lib_MathDouble.c,219 :: 		
0x00D2	0x0BF0      	ANDLW       240
;__Lib_MathDouble.c,220 :: 		
0x00D4	0x6E08      	MOVWF       R8, 0
;__Lib_MathDouble.c,222 :: 		
0x00D6	0x840E      	BSF         R14, 2, 0
;__Lib_MathDouble.c,224 :: 		
NORM4032:
;__Lib_MathDouble.c,225 :: 		
0x00D8	0x90D8      	BCF         STATUS, 0, 0
;__Lib_MathDouble.c,227 :: 		
0x00DA	0xBE02      	BTFSC       R2, 7, 0
;__Lib_MathDouble.c,228 :: 		
0x00DC	0xF000EF85  	GOTO        TNORMUN4032
;__Lib_MathDouble.c,229 :: 		
0x00E0	0x3608      	RLCF        R8, 1, 0
;__Lib_MathDouble.c,230 :: 		
0x00E2	0x3600      	RLCF        R0, 1, 0
;__Lib_MathDouble.c,231 :: 		
0x00E4	0x3601      	RLCF        R1, 1, 0
;__Lib_MathDouble.c,232 :: 		
0x00E6	0x3602      	RLCF        R2, 1, 0
;__Lib_MathDouble.c,233 :: 		
0x00E8	0x2A0E      	INCF        R14, 1, 0
;__Lib_MathDouble.c,234 :: 		
0x00EA	0xBE02      	BTFSC       R2, 7, 0
;__Lib_MathDouble.c,235 :: 		
0x00EC	0xF000EF85  	GOTO        TNORMUN4032
;__Lib_MathDouble.c,236 :: 		
0x00F0	0x3608      	RLCF        R8, 1, 0
;__Lib_MathDouble.c,237 :: 		
0x00F2	0x3600      	RLCF        R0, 1, 0
;__Lib_MathDouble.c,238 :: 		
0x00F4	0x3601      	RLCF        R1, 1, 0
;__Lib_MathDouble.c,239 :: 		
0x00F6	0x3602      	RLCF        R2, 1, 0
;__Lib_MathDouble.c,240 :: 		
0x00F8	0x2A0E      	INCF        R14, 1, 0
;__Lib_MathDouble.c,241 :: 		
0x00FA	0xBE02      	BTFSC       R2, 7, 0
;__Lib_MathDouble.c,242 :: 		
0x00FC	0xF000EF85  	GOTO        TNORMUN4032
;__Lib_MathDouble.c,243 :: 		
0x0100	0x3608      	RLCF        R8, 1, 0
;__Lib_MathDouble.c,244 :: 		
0x0102	0x3600      	RLCF        R0, 1, 0
;__Lib_MathDouble.c,245 :: 		
0x0104	0x3601      	RLCF        R1, 1, 0
;__Lib_MathDouble.c,246 :: 		
0x0106	0x3602      	RLCF        R2, 1, 0
;__Lib_MathDouble.c,247 :: 		
0x0108	0x2A0E      	INCF        R14, 1, 0
;__Lib_MathDouble.c,249 :: 		
TNORMUN4032:
;__Lib_MathDouble.c,250 :: 		
0x010A	0x500E      	MOVF        R14, 0, 0
;__Lib_MathDouble.c,251 :: 		
0x010C	0x6403      	CPFSGT      R3, 0
;__Lib_MathDouble.c,252 :: 		
0x010E	0xF001EF26  	GOTO        NRM40JPSETFUN32
;__Lib_MathDouble.c,253 :: 		
0x0112	0x5E03      	SUBWF       R3, 1, 0
;__Lib_MathDouble.c,255 :: 		
NRMRND4032:
;__Lib_MathDouble.c,256 :: 		
0x0114	0xBC0B      	BTFSC       R11, 6, 0
;__Lib_MathDouble.c,257 :: 		
0x0116	0xAE08      	BTFSS       R8, 7, 0
;__Lib_MathDouble.c,258 :: 		
0x0118	0xF001EF2B  	GOTO        NRM40JPFIXSIGN32
;__Lib_MathDouble.c,259 :: 		
0x011C	0x80D8      	BSF         STATUS, 0, 0
;__Lib_MathDouble.c,260 :: 		
0x011E	0x0E80      	MOVLW       128
;__Lib_MathDouble.c,261 :: 		
0x0120	0x6408      	CPFSGT      R8, 0
;__Lib_MathDouble.c,262 :: 		
0x0122	0x3000      	RRCF        R0, 0, 0
;__Lib_MathDouble.c,263 :: 		
0x0124	0x0E00      	MOVLW       0
;__Lib_MathDouble.c,264 :: 		
0x0126	0x2200      	ADDWFC      R0, 1, 0
;__Lib_MathDouble.c,265 :: 		
0x0128	0x2201      	ADDWFC      R1, 1, 0
;__Lib_MathDouble.c,266 :: 		
0x012A	0x2202      	ADDWFC      R2, 1, 0
;__Lib_MathDouble.c,268 :: 		
0x012C	0xA0D8      	BTFSS       STATUS, 0, 0
;__Lib_MathDouble.c,269 :: 		
0x012E	0xF001EF2B  	GOTO        NRM40JPFIXSIGN32
;__Lib_MathDouble.c,270 :: 		
0x0132	0x3202      	RRCF        R2, 1, 0
;__Lib_MathDouble.c,271 :: 		
0x0134	0x3201      	RRCF        R1, 1, 0
;__Lib_MathDouble.c,272 :: 		
0x0136	0x3200      	RRCF        R0, 1, 0
;__Lib_MathDouble.c,273 :: 		
0x0138	0x4A03      	INFSNZ      R3, 1, 0
;__Lib_MathDouble.c,274 :: 		
0x013A	0xF001EF30  	GOTO        NRM40JPSETFOV32
;__Lib_MathDouble.c,275 :: 		
0x013E	0xF001EF2B  	GOTO        NRM40JPFIXSIGN32
;__Lib_MathDouble.c,277 :: 		
NRM4032A:
;__Lib_MathDouble.c,278 :: 		
0x0142	0xF002C001  	MOVFF       R1, R2
;__Lib_MathDouble.c,279 :: 		
0x0146	0xF001C000  	MOVFF       R0, R1
;__Lib_MathDouble.c,280 :: 		
0x014A	0xF000C008  	MOVFF       R8, R0
;__Lib_MathDouble.c,281 :: 		
0x014E	0x6A08      	CLRF        R8, 0
;__Lib_MathDouble.c,282 :: 		
0x0150	0x0E00      	MOVLW       0
;__Lib_MathDouble.c,283 :: 		
0x0152	0x860E      	BSF         R14, 3, 0
;__Lib_MathDouble.c,284 :: 		
0x0154	0x6402      	CPFSGT      R2, 0
;__Lib_MathDouble.c,285 :: 		
0x0156	0xF000EFD8  	GOTO        NRM4032B
;__Lib_MathDouble.c,288 :: 		
0x015A	0x0EF0      	MOVLW       240
;__Lib_MathDouble.c,289 :: 		
0x015C	0x1402      	ANDWF       R2, 0, 0
;__Lib_MathDouble.c,290 :: 		
0x015E	0xA4D8      	BTFSS       STATUS, 2, 0
;__Lib_MathDouble.c,291 :: 		
0x0160	0xF000EFC0  	GOTO        NORM4032A
;__Lib_MathDouble.c,292 :: 		
0x0164	0x3A02      	SWAPF       R2, 1, 0
;__Lib_MathDouble.c,293 :: 		
0x0166	0x3801      	SWAPF       R1, 0, 0
;__Lib_MathDouble.c,294 :: 		
0x0168	0x0B0F      	ANDLW       15
;__Lib_MathDouble.c,295 :: 		
0x016A	0x2602      	ADDWF       R2, 1, 0
;__Lib_MathDouble.c,297 :: 		
0x016C	0x3801      	SWAPF       R1, 0, 0
;__Lib_MathDouble.c,298 :: 		
0x016E	0x0BF0      	ANDLW       240
;__Lib_MathDouble.c,299 :: 		
0x0170	0x6E01      	MOVWF       R1, 0
;__Lib_MathDouble.c,300 :: 		
0x0172	0x3800      	SWAPF       R0, 0, 0
;__Lib_MathDouble.c,301 :: 		
0x0174	0x0B0F      	ANDLW       15
;__Lib_MathDouble.c,302 :: 		
0x0176	0x2601      	ADDWF       R1, 1, 0
;__Lib_MathDouble.c,304 :: 		
0x0178	0x3800      	SWAPF       R0, 0, 0
;__Lib_MathDouble.c,305 :: 		
0x017A	0x0BF0      	ANDLW       240
;__Lib_MathDouble.c,306 :: 		
0x017C	0x6E00      	MOVWF       R0, 0
;__Lib_MathDouble.c,308 :: 		
0x017E	0x840E      	BSF         R14, 2, 0
;__Lib_MathDouble.c,310 :: 		
NORM4032A:
;__Lib_MathDouble.c,311 :: 		
0x0180	0x90D8      	BCF         STATUS, 0, 0
;__Lib_MathDouble.c,313 :: 		
0x0182	0xBE02      	BTFSC       R2, 7, 0
;__Lib_MathDouble.c,314 :: 		
0x0184	0xF000EF85  	GOTO        TNORMUN4032
;__Lib_MathDouble.c,315 :: 		
0x0188	0x3600      	RLCF        R0, 1, 0
;__Lib_MathDouble.c,316 :: 		
0x018A	0x3601      	RLCF        R1, 1, 0
;__Lib_MathDouble.c,317 :: 		
0x018C	0x3602      	RLCF        R2, 1, 0
;__Lib_MathDouble.c,318 :: 		
0x018E	0x2A0E      	INCF        R14, 1, 0
;__Lib_MathDouble.c,319 :: 		
0x0190	0xBE02      	BTFSC       R2, 7, 0
;__Lib_MathDouble.c,320 :: 		
0x0192	0xF000EF85  	GOTO        TNORMUN4032
;__Lib_MathDouble.c,321 :: 		
0x0196	0x3600      	RLCF        R0, 1, 0
;__Lib_MathDouble.c,322 :: 		
0x0198	0x3601      	RLCF        R1, 1, 0
;__Lib_MathDouble.c,323 :: 		
0x019A	0x3602      	RLCF        R2, 1, 0
;__Lib_MathDouble.c,324 :: 		
0x019C	0x2A0E      	INCF        R14, 1, 0
;__Lib_MathDouble.c,325 :: 		
0x019E	0xBE02      	BTFSC       R2, 7, 0
;__Lib_MathDouble.c,326 :: 		
0x01A0	0xF000EF85  	GOTO        TNORMUN4032
;__Lib_MathDouble.c,327 :: 		
0x01A4	0x3600      	RLCF        R0, 1, 0
;__Lib_MathDouble.c,328 :: 		
0x01A6	0x3601      	RLCF        R1, 1, 0
;__Lib_MathDouble.c,329 :: 		
0x01A8	0x3602      	RLCF        R2, 1, 0
;__Lib_MathDouble.c,330 :: 		
0x01AA	0x2A0E      	INCF        R14, 1, 0
;__Lib_MathDouble.c,331 :: 		
0x01AC	0xF000EF85  	GOTO        TNORMUN4032
;__Lib_MathDouble.c,333 :: 		
NRM4032B:
;__Lib_MathDouble.c,334 :: 		
0x01B0	0xF002C001  	MOVFF       R1, R2
;__Lib_MathDouble.c,335 :: 		
0x01B4	0xF001C000  	MOVFF       R0, R1
;__Lib_MathDouble.c,336 :: 		
0x01B8	0x6A00      	CLRF        R0, 0
;__Lib_MathDouble.c,337 :: 		
0x01BA	0x0E00      	MOVLW       0
;__Lib_MathDouble.c,338 :: 		
0x01BC	0x960E      	BCF         R14, 3, 0
;__Lib_MathDouble.c,339 :: 		
0x01BE	0x880E      	BSF         R14, 4, 0
;__Lib_MathDouble.c,340 :: 		
0x01C0	0x6402      	CPFSGT      R2, 0
;__Lib_MathDouble.c,341 :: 		
0x01C2	0xF001EF05  	GOTO        NRM4032C
;__Lib_MathDouble.c,344 :: 		
0x01C6	0x0EF0      	MOVLW       240
;__Lib_MathDouble.c,345 :: 		
0x01C8	0x1402      	ANDWF       R2, 0, 0
;__Lib_MathDouble.c,346 :: 		
0x01CA	0xA4D8      	BTFSS       STATUS, 2, 0
;__Lib_MathDouble.c,347 :: 		
0x01CC	0xF000EFF0  	GOTO        NORM4032B
;__Lib_MathDouble.c,349 :: 		
0x01D0	0x3A02      	SWAPF       R2, 1, 0
;__Lib_MathDouble.c,350 :: 		
0x01D2	0x3801      	SWAPF       R1, 0, 0
;__Lib_MathDouble.c,351 :: 		
0x01D4	0x0B0F      	ANDLW       15
;__Lib_MathDouble.c,352 :: 		
0x01D6	0x2602      	ADDWF       R2, 1, 0
;__Lib_MathDouble.c,354 :: 		
0x01D8	0x3801      	SWAPF       R1, 0, 0
;__Lib_MathDouble.c,355 :: 		
0x01DA	0x0BF0      	ANDLW       240
;__Lib_MathDouble.c,356 :: 		
0x01DC	0x6E01      	MOVWF       R1, 0
;__Lib_MathDouble.c,358 :: 		
0x01DE	0x840E      	BSF         R14, 2, 0
;__Lib_MathDouble.c,360 :: 		
NORM4032B:
;__Lib_MathDouble.c,361 :: 		
0x01E0	0x90D8      	BCF         STATUS, 0, 0
;__Lib_MathDouble.c,362 :: 		
0x01E2	0xBE02      	BTFSC       R2, 7, 0
;__Lib_MathDouble.c,363 :: 		
0x01E4	0xF000EF85  	GOTO        TNORMUN4032
;__Lib_MathDouble.c,364 :: 		
0x01E8	0x3601      	RLCF        R1, 1, 0
;__Lib_MathDouble.c,365 :: 		
0x01EA	0x3602      	RLCF        R2, 1, 0
;__Lib_MathDouble.c,366 :: 		
0x01EC	0x2A0E      	INCF        R14, 1, 0
;__Lib_MathDouble.c,367 :: 		
0x01EE	0xBE02      	BTFSC       R2, 7, 0
;__Lib_MathDouble.c,368 :: 		
0x01F0	0xF000EF85  	GOTO        TNORMUN4032
;__Lib_MathDouble.c,369 :: 		
0x01F4	0x3601      	RLCF        R1, 1, 0
;__Lib_MathDouble.c,370 :: 		
0x01F6	0x3602      	RLCF        R2, 1, 0
;__Lib_MathDouble.c,371 :: 		
0x01F8	0x2A0E      	INCF        R14, 1, 0
;__Lib_MathDouble.c,372 :: 		
0x01FA	0xBE02      	BTFSC       R2, 7, 0
;__Lib_MathDouble.c,373 :: 		
0x01FC	0xF000EF85  	GOTO        TNORMUN4032
;__Lib_MathDouble.c,374 :: 		
0x0200	0x3601      	RLCF        R1, 1, 0
;__Lib_MathDouble.c,375 :: 		
0x0202	0x3602      	RLCF        R2, 1, 0
;__Lib_MathDouble.c,376 :: 		
0x0204	0x2A0E      	INCF        R14, 1, 0
;__Lib_MathDouble.c,377 :: 		
0x0206	0xF000EF85  	GOTO        TNORMUN4032
;__Lib_MathDouble.c,379 :: 		
NRM4032C:
;__Lib_MathDouble.c,380 :: 		
0x020A	0xF002C001  	MOVFF       R1, R2
;__Lib_MathDouble.c,381 :: 		
0x020E	0x6A01      	CLRF        R1, 0
;__Lib_MathDouble.c,382 :: 		
0x0210	0x0E00      	MOVLW       0
;__Lib_MathDouble.c,383 :: 		
0x0212	0x860E      	BSF         R14, 3, 0
;__Lib_MathDouble.c,384 :: 		
0x0214	0x6402      	CPFSGT      R2, 0
;__Lib_MathDouble.c,385 :: 		
0x0216	0xF001EF35  	GOTO        NRM40JPRES032
;__Lib_MathDouble.c,388 :: 		
0x021A	0x0EF0      	MOVLW       240
;__Lib_MathDouble.c,389 :: 		
0x021C	0x1402      	ANDWF       R2, 0, 0
;__Lib_MathDouble.c,390 :: 		
0x021E	0xA4D8      	BTFSS       STATUS, 2, 0
;__Lib_MathDouble.c,391 :: 		
0x0220	0xF001EF14  	GOTO        NORM4032C
;__Lib_MathDouble.c,392 :: 		
0x0224	0x3A02      	SWAPF       R2, 1, 0
;__Lib_MathDouble.c,394 :: 		
0x0226	0x840E      	BSF         R14, 2, 0
;__Lib_MathDouble.c,396 :: 		
NORM4032C:
;__Lib_MathDouble.c,397 :: 		
0x0228	0x90D8      	BCF         STATUS, 0, 0
;__Lib_MathDouble.c,399 :: 		
0x022A	0xBE02      	BTFSC       R2, 7, 0
;__Lib_MathDouble.c,400 :: 		
0x022C	0xF000EF85  	GOTO        TNORMUN4032
;__Lib_MathDouble.c,401 :: 		
0x0230	0x3602      	RLCF        R2, 1, 0
;__Lib_MathDouble.c,402 :: 		
0x0232	0x2A0E      	INCF        R14, 1, 0
;__Lib_MathDouble.c,403 :: 		
0x0234	0xBE02      	BTFSC       R2, 7, 0
;__Lib_MathDouble.c,404 :: 		
0x0236	0xF000EF85  	GOTO        TNORMUN4032
;__Lib_MathDouble.c,405 :: 		
0x023A	0x3602      	RLCF        R2, 1, 0
;__Lib_MathDouble.c,406 :: 		
0x023C	0x2A0E      	INCF        R14, 1, 0
;__Lib_MathDouble.c,407 :: 		
0x023E	0xBE02      	BTFSC       R2, 7, 0
;__Lib_MathDouble.c,408 :: 		
0x0240	0xF000EF85  	GOTO        TNORMUN4032
;__Lib_MathDouble.c,409 :: 		
0x0244	0x3602      	RLCF        R2, 1, 0
;__Lib_MathDouble.c,410 :: 		
0x0246	0x2A0E      	INCF        R14, 1, 0
;__Lib_MathDouble.c,411 :: 		
0x0248	0xF000EF85  	GOTO        TNORMUN4032
;__Lib_MathDouble.c,413 :: 		
NRM40JPSETFUN32:
;__Lib_MathDouble.c,414 :: 		
0x024C	0x0E01      	MOVLW       1
;__Lib_MathDouble.c,415 :: 		
0x024E	0x6E0C      	MOVWF       R12, 0
;__Lib_MathDouble.c,417 :: 		
0x0250	0xDEFC      	RCALL       _SETFUN32
;__Lib_MathDouble.c,419 :: 		
0x0252	0xF001EF38  	GOTO        NRM40EEE
;__Lib_MathDouble.c,420 :: 		
NRM40JPFIXSIGN32:
;__Lib_MathDouble.c,421 :: 		
0x0256	0x0E02      	MOVLW       2
;__Lib_MathDouble.c,422 :: 		
0x0258	0x6E0C      	MOVWF       R12, 0
;__Lib_MathDouble.c,424 :: 		
0x025A	0xDEF3      	RCALL       _FIXSIGN32
;__Lib_MathDouble.c,426 :: 		
0x025C	0xF001EF38  	GOTO        NRM40EEE
;__Lib_MathDouble.c,427 :: 		
NRM40JPSETFOV32:
;__Lib_MathDouble.c,428 :: 		
0x0260	0x0E04      	MOVLW       4
;__Lib_MathDouble.c,429 :: 		
0x0262	0x6E0C      	MOVWF       R12, 0
;__Lib_MathDouble.c,431 :: 		
0x0264	0xDEE2      	RCALL       _SETFOV32
;__Lib_MathDouble.c,433 :: 		
0x0266	0xF001EF38  	GOTO        NRM40EEE
;__Lib_MathDouble.c,434 :: 		
NRM40JPRES032:
;__Lib_MathDouble.c,435 :: 		
0x026A	0x0E08      	MOVLW       8
;__Lib_MathDouble.c,436 :: 		
0x026C	0x6E0C      	MOVWF       R12, 0
;__Lib_MathDouble.c,438 :: 		
0x026E	0xDED6      	RCALL       _RES032
;__Lib_MathDouble.c,440 :: 		
NRM40EEE:
;__Lib_MathDouble.c,448 :: 		
L_end_NRM4032:
0x0270	0x0012      	RETURN      0
; end of _NRM4032
_SETIOV3224:
;__Lib_MathDouble.c,530 :: 		
;__Lib_MathDouble.c,537 :: 		
0x0272	0x800B      	BSF         R11, 0, 0
;__Lib_MathDouble.c,538 :: 		
0x0274	0xAE0B      	BTFSS       R11, 7, 0
;__Lib_MathDouble.c,539 :: 		
0x0276	0xF001EF45  	GOTO        SETIOV3224EEE
;__Lib_MathDouble.c,541 :: 		
0x027A	0x6A02      	CLRF        R2, 0
;__Lib_MathDouble.c,542 :: 		
0x027C	0xAE0A      	BTFSS       R10, 7, 0
;__Lib_MathDouble.c,543 :: 		
0x027E	0x0EFF      	MOVLW       255
;__Lib_MathDouble.c,544 :: 		
0x0280	0x6E02      	MOVWF       R2, 0
;__Lib_MathDouble.c,545 :: 		
0x0282	0x6E01      	MOVWF       R1, 0
;__Lib_MathDouble.c,546 :: 		
0x0284	0x6E00      	MOVWF       R0, 0
;__Lib_MathDouble.c,547 :: 		
0x0286	0x360A      	RLCF        R10, 1, 0
;__Lib_MathDouble.c,548 :: 		
0x0288	0x3202      	RRCF        R2, 1, 0
;__Lib_MathDouble.c,549 :: 		
SETIOV3224EEE:
;__Lib_MathDouble.c,550 :: 		
0x028A	0x0EFF      	MOVLW       255
;__Lib_MathDouble.c,552 :: 		
L_end_SETIOV3224:
0x028C	0x0012      	RETURN      0
; end of _SETIOV3224
_Double2Byte:
;__Lib_MathDouble.c,2154 :: 		
;__Lib_MathDouble.c,2163 :: 		
0x028E	0x6A0B      	CLRF        R11, 0
;__Lib_MathDouble.c,2164 :: 		
0x0290	0x6A0C      	CLRF        R12, 0
;__Lib_MathDouble.c,2165 :: 		
0x0292	0x6A0A      	CLRF        R10, 0
;__Lib_MathDouble.c,2167 :: 		
0x0294	0x5003      	MOVF        R3, 0, 0
;__Lib_MathDouble.c,2168 :: 		
0x0296	0xB4D8      	BTFSC       STATUS, 2, 0
;__Lib_MathDouble.c,2169 :: 		
0x0298	0xF001EF7C  	GOTO        IRES008
;__Lib_MathDouble.c,2171 :: 		
0x029C	0x9E0A      	BCF         R10, 7, 0
;__Lib_MathDouble.c,2172 :: 		
0x029E	0x8E02      	BSF         R2, 7, 0
;__Lib_MathDouble.c,2174 :: 		
0x02A0	0x0E86      	MOVLW       134
;__Lib_MathDouble.c,2175 :: 		
0x02A2	0x5E03      	SUBWF       R3, 1, 0
;__Lib_MathDouble.c,2176 :: 		
0x02A4	0xBE03      	BTFSC       R3, 7, 0
;__Lib_MathDouble.c,2177 :: 		
0x02A6	0xF001EF5A  	GOTO        SETEXP08
;__Lib_MathDouble.c,2178 :: 		
0x02AA	0xB4D8      	BTFSC       STATUS, 2, 0
;__Lib_MathDouble.c,2179 :: 		
0x02AC	0xF001EF5A  	GOTO        SETEXP08
;__Lib_MathDouble.c,2180 :: 		
0x02B0	0xF001EF7F  	GOTO        SETIOV08
;__Lib_MathDouble.c,2181 :: 		
SETEXP08:
;__Lib_MathDouble.c,2182 :: 		
0x02B4	0x6C03      	NEGF        R3, 0
;__Lib_MathDouble.c,2184 :: 		
0x02B6	0x0E08      	MOVLW       8
;__Lib_MathDouble.c,2185 :: 		
0x02B8	0x5C03      	SUBWF       R3, 0, 0
;__Lib_MathDouble.c,2186 :: 		
0x02BA	0xA0D8      	BTFSS       STATUS, 0, 0
;__Lib_MathDouble.c,2187 :: 		
0x02BC	0xF001EF68  	GOTO        TSHIFT3208
;__Lib_MathDouble.c,2188 :: 		
0x02C0	0x6E03      	MOVWF       R3, 0
;__Lib_MathDouble.c,2189 :: 		
0x02C2	0x3602      	RLCF        R2, 1, 0
;__Lib_MathDouble.c,2190 :: 		
0x02C4	0x6A02      	CLRF        R2, 0
;__Lib_MathDouble.c,2192 :: 		
0x02C6	0x5003      	MOVF        R3, 0, 0
;__Lib_MathDouble.c,2193 :: 		
0x02C8	0xA4D8      	BTFSS       STATUS, 2, 0
;__Lib_MathDouble.c,2194 :: 		
0x02CA	0x90D8      	BCF         STATUS, 0, 0
;__Lib_MathDouble.c,2195 :: 		
0x02CC	0xF001EF71  	GOTO        SHIFT3208OK
;__Lib_MathDouble.c,2196 :: 		
TSHIFT3208:
;__Lib_MathDouble.c,2197 :: 		
0x02D0	0x5003      	MOVF        R3, 0, 0
;__Lib_MathDouble.c,2198 :: 		
0x02D2	0xB4D8      	BTFSC       STATUS, 2, 0
;__Lib_MathDouble.c,2199 :: 		
0x02D4	0xF001EF71  	GOTO        SHIFT3208OK
;__Lib_MathDouble.c,2200 :: 		
SHIFT3208:
;__Lib_MathDouble.c,2201 :: 		
0x02D8	0x90D8      	BCF         STATUS, 0, 0
;__Lib_MathDouble.c,2202 :: 		
0x02DA	0x3202      	RRCF        R2, 1, 0
;__Lib_MathDouble.c,2203 :: 		
0x02DC	0x2E03      	DECFSZ      R3, 1, 0
;__Lib_MathDouble.c,2204 :: 		
0x02DE	0xF001EF6C  	GOTO        SHIFT3208
;__Lib_MathDouble.c,2205 :: 		
SHIFT3208OK:
;__Lib_MathDouble.c,2206 :: 		
0x02E2	0xBC0B      	BTFSC       R11, 6, 0
;__Lib_MathDouble.c,2207 :: 		
0x02E4	0xA002      	BTFSS       R2, 0, 0
;__Lib_MathDouble.c,2208 :: 		
0x02E6	0xF001EF7C  	GOTO        INT3208OK
;__Lib_MathDouble.c,2209 :: 		
0x02EA	0xA0D8      	BTFSS       STATUS, 0, 0
;__Lib_MathDouble.c,2210 :: 		
0x02EC	0xF001EF7C  	GOTO        INT3208OK
;__Lib_MathDouble.c,2211 :: 		
0x02F0	0x2A02      	INCF        R2, 1, 0
;__Lib_MathDouble.c,2212 :: 		
0x02F2	0xB4D8      	BTFSC       STATUS, 2, 0
;__Lib_MathDouble.c,2213 :: 		
0x02F4	0xF001EF86  	GOTO        D2B_JPKSETIOV3224
;__Lib_MathDouble.c,2214 :: 		
INT3208OK:
;__Lib_MathDouble.c,2215 :: 		
IRES008:
;__Lib_MathDouble.c,2216 :: 		
0x02F8	0x6A01      	CLRF        R1, 0
;__Lib_MathDouble.c,2217 :: 		
0x02FA	0xF001EF8B  	GOTO        INT3208EOK
;__Lib_MathDouble.c,2218 :: 		
SETIOV08:
;__Lib_MathDouble.c,2219 :: 		
0x02FE	0x800B      	BSF         R11, 0, 0
;__Lib_MathDouble.c,2220 :: 		
0x0300	0xAE0B      	BTFSS       R11, 7, 0
;__Lib_MathDouble.c,2221 :: 		
0x0302	0xF001EF8F  	GOTO        INT3208EER
;__Lib_MathDouble.c,2223 :: 		
0x0306	0x6A01      	CLRF        R1, 0
;__Lib_MathDouble.c,2224 :: 		
0x0308	0xF001EF8F  	GOTO        INT3208EER
;__Lib_MathDouble.c,2225 :: 		
D2B_JPKSETIOV3224:
;__Lib_MathDouble.c,2226 :: 		
0x030C	0x0E01      	MOVLW       1
;__Lib_MathDouble.c,2227 :: 		
0x030E	0x6E0C      	MOVWF       R12, 0
;__Lib_MathDouble.c,2229 :: 		
0x0310	0xDFB0      	RCALL       _SETIOV3224
;__Lib_MathDouble.c,2231 :: 		
0x0312	0xF001EF91  	GOTO        INT3208EEE
;__Lib_MathDouble.c,2232 :: 		
INT3208EOK:
;__Lib_MathDouble.c,2233 :: 		
0x0316	0x0E00      	MOVLW       0
;__Lib_MathDouble.c,2234 :: 		
0x0318	0x6E0C      	MOVWF       R12, 0
;__Lib_MathDouble.c,2235 :: 		
0x031A	0xF001EF91  	GOTO        INT3208EEE
;__Lib_MathDouble.c,2236 :: 		
INT3208EER:
;__Lib_MathDouble.c,2237 :: 		
0x031E	0x0EFF      	MOVLW       255
;__Lib_MathDouble.c,2238 :: 		
0x0320	0x6E0C      	MOVWF       R12, 0
;__Lib_MathDouble.c,2239 :: 		
INT3208EEE:
;__Lib_MathDouble.c,2240 :: 		
0x0322	0x5002      	MOVF        R2, 0, 0
;__Lib_MathDouble.c,2241 :: 		
0x0324	0x6E00      	MOVWF       R0, 0
;__Lib_MathDouble.c,2246 :: 		
L_end_Double2Byte:
0x0326	0x0012      	RETURN      0
; end of _Double2Byte
_UART1_Init:
;__Lib_UART_c67.c,15 :: 		
;__Lib_UART_c67.c,18 :: 		
0x0328	0x0E7E      	MOVLW       _UART1_Write
0x032A	0x6E30      	MOVWF       _UART_Wr_Ptr 
0x032C	0x0E03      	MOVLW       hi_addr(_UART1_Write)
0x032E	0x6E31      	MOVWF       _UART_Wr_Ptr+1 
0x0330	0x0E40      	MOVLW       FARG_UART1_Write_data_
0x0332	0x6E32      	MOVWF       _UART_Wr_Ptr+2 
0x0334	0x0E00      	MOVLW       hi_addr(FARG_UART1_Write_data_)
0x0336	0x6E33      	MOVWF       _UART_Wr_Ptr+3 
;__Lib_UART_c67.c,19 :: 		
0x0338	0x0EFF      	MOVLW       _UART1_Read
0x033A	0x6E3C      	MOVWF       _UART_Rd_Ptr 
0x033C	0x0EFF      	MOVLW       hi_addr(_UART1_Read)
0x033E	0x6E3D      	MOVWF       _UART_Rd_Ptr+1 
0x0340	0x0E00      	MOVLW       0
0x0342	0x6E3E      	MOVWF       _UART_Rd_Ptr+2 
0x0344	0x0E00      	MOVLW       0
0x0346	0x6E3F      	MOVWF       _UART_Rd_Ptr+3 
;__Lib_UART_c67.c,20 :: 		
0x0348	0x0EFF      	MOVLW       _UART1_Data_Ready
0x034A	0x6E38      	MOVWF       _UART_Rdy_Ptr 
0x034C	0x0EFF      	MOVLW       hi_addr(_UART1_Data_Ready)
0x034E	0x6E39      	MOVWF       _UART_Rdy_Ptr+1 
0x0350	0x0E00      	MOVLW       0
0x0352	0x6E3A      	MOVWF       _UART_Rdy_Ptr+2 
0x0354	0x0E00      	MOVLW       0
0x0356	0x6E3B      	MOVWF       _UART_Rdy_Ptr+3 
;__Lib_UART_c67.c,21 :: 		
0x0358	0x0EFF      	MOVLW       _UART1_Tx_Idle
0x035A	0x6E34      	MOVWF       _UART_Tx_Idle_Ptr 
0x035C	0x0EFF      	MOVLW       hi_addr(_UART1_Tx_Idle)
0x035E	0x6E35      	MOVWF       _UART_Tx_Idle_Ptr+1 
0x0360	0x0E00      	MOVLW       0
0x0362	0x6E36      	MOVWF       _UART_Tx_Idle_Ptr+2 
0x0364	0x0E00      	MOVLW       0
0x0366	0x6E37      	MOVWF       _UART_Tx_Idle_Ptr+3 
;__Lib_UART_c67.c,23 :: 		
0x0368	0x8AAC      	BSF         TXSTA, 5 
;__Lib_UART_c67.c,24 :: 		
0x036A	0x0E90      	MOVLW       144
0x036C	0x6EAB      	MOVWF       RCSTA 
;__Lib_UART_c67.c,25 :: 		
0x036E	0x8E94      	BSF         TRISC7_bit, BitPos(TRISC7_bit+0) 
;__Lib_UART_c67.c,26 :: 		
0x0370	0x9C94      	BCF         TRISC6_bit, BitPos(TRISC6_bit+0) 
;__Lib_UART_c67.c,28 :: 		
L_UART1_Init0:
0x0372	0xAA9E      	BTFSS       PIR1, 5 
0x0374	0xD003      	BRA         L_UART1_Init1
;__Lib_UART_c67.c,29 :: 		
0x0376	0xF000CFAE  	MOVFF       RCREG, R0
0x037A	0xD7FB      	BRA         L_UART1_Init0
L_UART1_Init1:
;__Lib_UART_c67.c,30 :: 		
L_end_UART1_Init:
0x037C	0x0012      	RETURN      0
; end of _UART1_Init
_UART1_Write:
;__Lib_UART_c67.c,58 :: 		
;__Lib_UART_c67.c,59 :: 		
L_UART1_Write3:
0x037E	0xB2AC      	BTFSC       TXSTA, 1 
0x0380	0xD002      	BRA         L_UART1_Write4
;__Lib_UART_c67.c,60 :: 		
0x0382	0x0000      	NOP
0x0384	0xD7FC      	BRA         L_UART1_Write3
L_UART1_Write4:
;__Lib_UART_c67.c,61 :: 		
0x0386	0xFFADC040  	MOVFF       FARG_UART1_Write_data_, TXREG
;__Lib_UART_c67.c,62 :: 		
L_end_UART1_Write:
0x038A	0x0012      	RETURN      0
; end of _UART1_Write
_main_init:
;PIC18F4550lib.c,26 :: 		void main_init() {
;PIC18F4550lib.c,27 :: 		___init_core___();
0x038C	0xDE6B      	RCALL       ____init_core___
;PIC18F4550lib.c,28 :: 		}
L_end_main_init:
0x038E	0x0012      	RETURN      0
; end of _main_init
_Longword2Double:
;__Lib_MathDouble.c,2427 :: 		
;__Lib_MathDouble.c,2434 :: 		
0x0390	0x5000      	MOVF        R0, 0, 0
;__Lib_MathDouble.c,2435 :: 		
0x0392	0x6E08      	MOVWF       R8, 0
;__Lib_MathDouble.c,2436 :: 		
0x0394	0x5001      	MOVF        R1, 0, 0
;__Lib_MathDouble.c,2437 :: 		
0x0396	0x6E00      	MOVWF       R0, 0
;__Lib_MathDouble.c,2438 :: 		
0x0398	0x5002      	MOVF        R2, 0, 0
;__Lib_MathDouble.c,2439 :: 		
0x039A	0x6E01      	MOVWF       R1, 0
;__Lib_MathDouble.c,2440 :: 		
0x039C	0x5003      	MOVF        R3, 0, 0
;__Lib_MathDouble.c,2441 :: 		
0x039E	0x6E02      	MOVWF       R2, 0
;__Lib_MathDouble.c,2442 :: 		
0x03A0	0x6A03      	CLRF        R3, 0
;__Lib_MathDouble.c,2445 :: 		
0x03A2	0x6A0B      	CLRF        R11, 0
;__Lib_MathDouble.c,2446 :: 		
0x03A4	0x6A0C      	CLRF        R12, 0
;__Lib_MathDouble.c,2448 :: 		
0x03A6	0x0E9E      	MOVLW       158
;__Lib_MathDouble.c,2449 :: 		
0x03A8	0x6E03      	MOVWF       R3, 0
;__Lib_MathDouble.c,2450 :: 		
0x03AA	0x6A0A      	CLRF        R10, 0
;__Lib_MathDouble.c,2451 :: 		
0x03AC	0x0E02      	MOVLW       2
;__Lib_MathDouble.c,2452 :: 		
0x03AE	0x6E0C      	MOVWF       R12, 0
;__Lib_MathDouble.c,2454 :: 		
0x03B0	0xDE6F      	RCALL       _NRM4032
;__Lib_MathDouble.c,2455 :: 		
L_end_Longword2Double:
0x03B2	0x0012      	RETURN      0
; end of _Longword2Double
_Div_32x32_U:
;__Lib_Math.c,1162 :: 		
;__Lib_Math.c,1173 :: 		
0x03B4	0x6A0B      	CLRF        R11, 0
;__Lib_Math.c,1174 :: 		
0x03B6	0x6A0A      	CLRF        R10, 0
;__Lib_Math.c,1175 :: 		
0x03B8	0x6A09      	CLRF        R9, 0
;__Lib_Math.c,1176 :: 		
0x03BA	0x6A08      	CLRF        R8, 0
;__Lib_Math.c,1178 :: 		
0x03BC	0x6A0E      	CLRF        R14, 0
;__Lib_Math.c,1180 :: 		
0x03BE	0x3403      	RLCF        R3, 0, 0
;__Lib_Math.c,1181 :: 		
0x03C0	0x3608      	RLCF        R8, 1, 0
;__Lib_Math.c,1182 :: 		
0x03C2	0x5004      	MOVF        R4, 0, 0
;__Lib_Math.c,1183 :: 		
0x03C4	0x5E08      	SUBWF       R8, 1, 0
;__Lib_Math.c,1184 :: 		
0x03C6	0x5005      	MOVF        R5, 0, 0
;__Lib_Math.c,1185 :: 		
0x03C8	0xA0D8      	BTFSS       STATUS, 0, 0
;__Lib_Math.c,1186 :: 		
0x03CA	0x3C05      	INCFSZ      R5, 0, 0
;__Lib_Math.c,1187 :: 		
0x03CC	0x5E09      	SUBWF       R9, 1, 0
;__Lib_Math.c,1188 :: 		
0x03CE	0x5006      	MOVF        R6, 0, 0
;__Lib_Math.c,1189 :: 		
0x03D0	0xA0D8      	BTFSS       STATUS, 0, 0
;__Lib_Math.c,1190 :: 		
0x03D2	0x3C06      	INCFSZ      R6, 0, 0
;__Lib_Math.c,1191 :: 		
0x03D4	0x5E0A      	SUBWF       R10, 1, 0
;__Lib_Math.c,1192 :: 		
0x03D6	0x5007      	MOVF        R7, 0, 0
;__Lib_Math.c,1193 :: 		
0x03D8	0xA0D8      	BTFSS       STATUS, 0, 0
;__Lib_Math.c,1194 :: 		
0x03DA	0x3C07      	INCFSZ      R7, 0, 0
;__Lib_Math.c,1195 :: 		
0x03DC	0x5E0B      	SUBWF       R11, 1, 0
;__Lib_Math.c,1197 :: 		
0x03DE	0x6AE8      	CLRF        WREG, 0
;__Lib_Math.c,1198 :: 		
0x03E0	0xA0D8      	BTFSS       STATUS, 0, 0
;__Lib_Math.c,1199 :: 		
0x03E2	0x0E01      	MOVLW       1
;__Lib_Math.c,1200 :: 		
0x03E4	0x5E0E      	SUBWF       R14, 1, 0
;__Lib_Math.c,1201 :: 		
0x03E6	0x3603      	RLCF        R3, 1, 0
;__Lib_Math.c,1203 :: 		
0x03E8	0x0E07      	MOVLW       7
;__Lib_Math.c,1204 :: 		
0x03EA	0x6E0C      	MOVWF       R12, 0
;__Lib_Math.c,1206 :: 		
LOOPU3232A:
;__Lib_Math.c,1207 :: 		
0x03EC	0x3403      	RLCF        R3, 0, 0
;__Lib_Math.c,1208 :: 		
0x03EE	0x3608      	RLCF        R8, 1, 0
;__Lib_Math.c,1209 :: 		
0x03F0	0x3609      	RLCF        R9, 1, 0
;__Lib_Math.c,1210 :: 		
0x03F2	0x360A      	RLCF        R10, 1, 0
;__Lib_Math.c,1211 :: 		
0x03F4	0x360B      	RLCF        R11, 1, 0
;__Lib_Math.c,1212 :: 		
0x03F6	0x360E      	RLCF        R14, 1, 0
;__Lib_Math.c,1213 :: 		
0x03F8	0x5004      	MOVF        R4, 0, 0
;__Lib_Math.c,1214 :: 		
0x03FA	0xA003      	BTFSS       R3, 0, 0
;__Lib_Math.c,1215 :: 		
0x03FC	0xD012      	BRA         UADD22LA
;__Lib_Math.c,1217 :: 		
0x03FE	0x5E08      	SUBWF       R8, 1, 0
;__Lib_Math.c,1218 :: 		
0x0400	0x5005      	MOVF        R5, 0, 0
;__Lib_Math.c,1219 :: 		
0x0402	0xA0D8      	BTFSS       STATUS, 0, 0
;__Lib_Math.c,1220 :: 		
0x0404	0x3C05      	INCFSZ      R5, 0, 0
;__Lib_Math.c,1221 :: 		
0x0406	0x5E09      	SUBWF       R9, 1, 0
;__Lib_Math.c,1222 :: 		
0x0408	0x5006      	MOVF        R6, 0, 0
;__Lib_Math.c,1223 :: 		
0x040A	0xA0D8      	BTFSS       STATUS, 0, 0
;__Lib_Math.c,1224 :: 		
0x040C	0x3C06      	INCFSZ      R6, 0, 0
;__Lib_Math.c,1225 :: 		
0x040E	0x5E0A      	SUBWF       R10, 1, 0
;__Lib_Math.c,1226 :: 		
0x0410	0x5007      	MOVF        R7, 0, 0
;__Lib_Math.c,1227 :: 		
0x0412	0xA0D8      	BTFSS       STATUS, 0, 0
;__Lib_Math.c,1228 :: 		
0x0414	0x3C07      	INCFSZ      R7, 0, 0
;__Lib_Math.c,1229 :: 		
0x0416	0x5E0B      	SUBWF       R11, 1, 0
;__Lib_Math.c,1230 :: 		
0x0418	0x6AE8      	CLRF        WREG, 0
;__Lib_Math.c,1231 :: 		
0x041A	0xA0D8      	BTFSS       STATUS, 0, 0
;__Lib_Math.c,1232 :: 		
0x041C	0x0E01      	MOVLW       1
;__Lib_Math.c,1233 :: 		
0x041E	0x5E0E      	SUBWF       R14, 1, 0
;__Lib_Math.c,1234 :: 		
0x0420	0xD011      	BRA         UOK22LA
;__Lib_Math.c,1236 :: 		
UADD22LA:
;__Lib_Math.c,1237 :: 		
0x0422	0x2608      	ADDWF       R8, 1, 0
;__Lib_Math.c,1238 :: 		
0x0424	0x5005      	MOVF        R5, 0, 0
;__Lib_Math.c,1239 :: 		
0x0426	0xB0D8      	BTFSC       STATUS, 0, 0
;__Lib_Math.c,1240 :: 		
0x0428	0x3C05      	INCFSZ      R5, 0, 0
;__Lib_Math.c,1241 :: 		
0x042A	0x2609      	ADDWF       R9, 1, 0
;__Lib_Math.c,1242 :: 		
0x042C	0x5006      	MOVF        R6, 0, 0
;__Lib_Math.c,1243 :: 		
0x042E	0xB0D8      	BTFSC       STATUS, 0, 0
;__Lib_Math.c,1244 :: 		
0x0430	0x3C06      	INCFSZ      R6, 0, 0
;__Lib_Math.c,1245 :: 		
0x0432	0x260A      	ADDWF       R10, 1, 0
;__Lib_Math.c,1246 :: 		
0x0434	0x5007      	MOVF        R7, 0, 0
;__Lib_Math.c,1247 :: 		
0x0436	0xB0D8      	BTFSC       STATUS, 0, 0
;__Lib_Math.c,1248 :: 		
0x0438	0x3C07      	INCFSZ      R7, 0, 0
;__Lib_Math.c,1249 :: 		
0x043A	0x260B      	ADDWF       R11, 1, 0
;__Lib_Math.c,1250 :: 		
0x043C	0x6AE8      	CLRF        WREG, 0
;__Lib_Math.c,1251 :: 		
0x043E	0xB0D8      	BTFSC       STATUS, 0, 0
;__Lib_Math.c,1252 :: 		
0x0440	0x0E01      	MOVLW       1
;__Lib_Math.c,1253 :: 		
0x0442	0x260E      	ADDWF       R14, 1, 0
;__Lib_Math.c,1255 :: 		
UOK22LA:
;__Lib_Math.c,1256 :: 		
0x0444	0x3603      	RLCF        R3, 1, 0
;__Lib_Math.c,1258 :: 		
0x0446	0x2E0C      	DECFSZ      R12, 1, 0
;__Lib_Math.c,1259 :: 		
0x0448	0xD7D1      	BRA         LOOPU3232A
;__Lib_Math.c,1261 :: 		
0x044A	0x3402      	RLCF        R2, 0, 0
;__Lib_Math.c,1262 :: 		
0x044C	0x3608      	RLCF        R8, 1, 0
;__Lib_Math.c,1263 :: 		
0x044E	0x3609      	RLCF        R9, 1, 0
;__Lib_Math.c,1264 :: 		
0x0450	0x360A      	RLCF        R10, 1, 0
;__Lib_Math.c,1265 :: 		
0x0452	0x360B      	RLCF        R11, 1, 0
;__Lib_Math.c,1266 :: 		
0x0454	0x360E      	RLCF        R14, 1, 0
;__Lib_Math.c,1267 :: 		
0x0456	0x5004      	MOVF        R4, 0, 0
;__Lib_Math.c,1268 :: 		
0x0458	0xA003      	BTFSS       R3, 0, 0
;__Lib_Math.c,1269 :: 		
0x045A	0xD012      	BRA         UADD22L8
;__Lib_Math.c,1271 :: 		
0x045C	0x5E08      	SUBWF       R8, 1, 0
;__Lib_Math.c,1272 :: 		
0x045E	0x5005      	MOVF        R5, 0, 0
;__Lib_Math.c,1273 :: 		
0x0460	0xA0D8      	BTFSS       STATUS, 0, 0
;__Lib_Math.c,1274 :: 		
0x0462	0x3C05      	INCFSZ      R5, 0, 0
;__Lib_Math.c,1275 :: 		
0x0464	0x5E09      	SUBWF       R9, 1, 0
;__Lib_Math.c,1276 :: 		
0x0466	0x5006      	MOVF        R6, 0, 0
;__Lib_Math.c,1277 :: 		
0x0468	0xA0D8      	BTFSS       STATUS, 0, 0
;__Lib_Math.c,1278 :: 		
0x046A	0x3C06      	INCFSZ      R6, 0, 0
;__Lib_Math.c,1279 :: 		
0x046C	0x5E0A      	SUBWF       R10, 1, 0
;__Lib_Math.c,1280 :: 		
0x046E	0x5007      	MOVF        R7, 0, 0
;__Lib_Math.c,1281 :: 		
0x0470	0xA0D8      	BTFSS       STATUS, 0, 0
;__Lib_Math.c,1282 :: 		
0x0472	0x3C07      	INCFSZ      R7, 0, 0
;__Lib_Math.c,1283 :: 		
0x0474	0x5E0B      	SUBWF       R11, 1, 0
;__Lib_Math.c,1284 :: 		
0x0476	0x6AE8      	CLRF        WREG, 0
;__Lib_Math.c,1285 :: 		
0x0478	0xA0D8      	BTFSS       STATUS, 0, 0
;__Lib_Math.c,1286 :: 		
0x047A	0x0E01      	MOVLW       1
;__Lib_Math.c,1287 :: 		
0x047C	0x5E0E      	SUBWF       R14, 1, 0
;__Lib_Math.c,1288 :: 		
0x047E	0xD011      	BRA         UOK22L8
;__Lib_Math.c,1290 :: 		
UADD22L8:
;__Lib_Math.c,1291 :: 		
0x0480	0x2608      	ADDWF       R8, 1, 0
;__Lib_Math.c,1292 :: 		
0x0482	0x5005      	MOVF        R5, 0, 0
;__Lib_Math.c,1293 :: 		
0x0484	0xB0D8      	BTFSC       STATUS, 0, 0
;__Lib_Math.c,1294 :: 		
0x0486	0x3C05      	INCFSZ      R5, 0, 0
;__Lib_Math.c,1295 :: 		
0x0488	0x2609      	ADDWF       R9, 1, 0
;__Lib_Math.c,1296 :: 		
0x048A	0x5006      	MOVF        R6, 0, 0
;__Lib_Math.c,1297 :: 		
0x048C	0xB0D8      	BTFSC       STATUS, 0, 0
;__Lib_Math.c,1298 :: 		
0x048E	0x3C06      	INCFSZ      R6, 0, 0
;__Lib_Math.c,1299 :: 		
0x0490	0x260A      	ADDWF       R10, 1, 0
;__Lib_Math.c,1300 :: 		
0x0492	0x5007      	MOVF        R7, 0, 0
;__Lib_Math.c,1301 :: 		
0x0494	0xB0D8      	BTFSC       STATUS, 0, 0
;__Lib_Math.c,1302 :: 		
0x0496	0x3C07      	INCFSZ      R7, 0, 0
;__Lib_Math.c,1303 :: 		
0x0498	0x260B      	ADDWF       R11, 1, 0
;__Lib_Math.c,1304 :: 		
0x049A	0x6AE8      	CLRF        WREG, 0
;__Lib_Math.c,1305 :: 		
0x049C	0xB0D8      	BTFSC       STATUS, 0, 0
;__Lib_Math.c,1306 :: 		
0x049E	0x0E01      	MOVLW       1
;__Lib_Math.c,1307 :: 		
0x04A0	0x260E      	ADDWF       R14, 1, 0
;__Lib_Math.c,1309 :: 		
UOK22L8:
;__Lib_Math.c,1310 :: 		
0x04A2	0x3602      	RLCF        R2, 1, 0
;__Lib_Math.c,1312 :: 		
0x04A4	0x0E07      	MOVLW       7
;__Lib_Math.c,1313 :: 		
0x04A6	0x6E0C      	MOVWF       R12, 0
;__Lib_Math.c,1315 :: 		
LOOPU3232B:
;__Lib_Math.c,1316 :: 		
0x04A8	0x3402      	RLCF        R2, 0, 0
;__Lib_Math.c,1317 :: 		
0x04AA	0x3608      	RLCF        R8, 1, 0
;__Lib_Math.c,1318 :: 		
0x04AC	0x3609      	RLCF        R9, 1, 0
;__Lib_Math.c,1319 :: 		
0x04AE	0x360A      	RLCF        R10, 1, 0
;__Lib_Math.c,1320 :: 		
0x04B0	0x360B      	RLCF        R11, 1, 0
;__Lib_Math.c,1321 :: 		
0x04B2	0x360E      	RLCF        R14, 1, 0
;__Lib_Math.c,1322 :: 		
0x04B4	0x5004      	MOVF        R4, 0, 0
;__Lib_Math.c,1323 :: 		
0x04B6	0xA002      	BTFSS       R2, 0, 0
;__Lib_Math.c,1324 :: 		
0x04B8	0xD012      	BRA         UADD22LB
;__Lib_Math.c,1326 :: 		
0x04BA	0x5E08      	SUBWF       R8, 1, 0
;__Lib_Math.c,1327 :: 		
0x04BC	0x5005      	MOVF        R5, 0, 0
;__Lib_Math.c,1328 :: 		
0x04BE	0xA0D8      	BTFSS       STATUS, 0, 0
;__Lib_Math.c,1329 :: 		
0x04C0	0x3C05      	INCFSZ      R5, 0, 0
;__Lib_Math.c,1330 :: 		
0x04C2	0x5E09      	SUBWF       R9, 1, 0
;__Lib_Math.c,1331 :: 		
0x04C4	0x5006      	MOVF        R6, 0, 0
;__Lib_Math.c,1332 :: 		
0x04C6	0xA0D8      	BTFSS       STATUS, 0, 0
;__Lib_Math.c,1333 :: 		
0x04C8	0x3C06      	INCFSZ      R6, 0, 0
;__Lib_Math.c,1334 :: 		
0x04CA	0x5E0A      	SUBWF       R10, 1, 0
;__Lib_Math.c,1335 :: 		
0x04CC	0x5007      	MOVF        R7, 0, 0
;__Lib_Math.c,1336 :: 		
0x04CE	0xA0D8      	BTFSS       STATUS, 0, 0
;__Lib_Math.c,1337 :: 		
0x04D0	0x3C07      	INCFSZ      R7, 0, 0
;__Lib_Math.c,1338 :: 		
0x04D2	0x5E0B      	SUBWF       R11, 1, 0
;__Lib_Math.c,1339 :: 		
0x04D4	0x6AE8      	CLRF        WREG, 0
;__Lib_Math.c,1340 :: 		
0x04D6	0xA0D8      	BTFSS       STATUS, 0, 0
;__Lib_Math.c,1341 :: 		
0x04D8	0x0E01      	MOVLW       1
;__Lib_Math.c,1342 :: 		
0x04DA	0x5E0E      	SUBWF       R14, 1, 0
;__Lib_Math.c,1343 :: 		
0x04DC	0xD011      	BRA         UOK22LB
;__Lib_Math.c,1345 :: 		
UADD22LB:
;__Lib_Math.c,1346 :: 		
0x04DE	0x2608      	ADDWF       R8, 1, 0
;__Lib_Math.c,1347 :: 		
0x04E0	0x5005      	MOVF        R5, 0, 0
;__Lib_Math.c,1348 :: 		
0x04E2	0xB0D8      	BTFSC       STATUS, 0, 0
;__Lib_Math.c,1349 :: 		
0x04E4	0x3C05      	INCFSZ      R5, 0, 0
;__Lib_Math.c,1350 :: 		
0x04E6	0x2609      	ADDWF       R9, 1, 0
;__Lib_Math.c,1351 :: 		
0x04E8	0x5006      	MOVF        R6, 0, 0
;__Lib_Math.c,1352 :: 		
0x04EA	0xB0D8      	BTFSC       STATUS, 0, 0
;__Lib_Math.c,1353 :: 		
0x04EC	0x3C06      	INCFSZ      R6, 0, 0
;__Lib_Math.c,1354 :: 		
0x04EE	0x260A      	ADDWF       R10, 1, 0
;__Lib_Math.c,1355 :: 		
0x04F0	0x5007      	MOVF        R7, 0, 0
;__Lib_Math.c,1356 :: 		
0x04F2	0xB0D8      	BTFSC       STATUS, 0, 0
;__Lib_Math.c,1357 :: 		
0x04F4	0x3C07      	INCFSZ      R7, 0, 0
;__Lib_Math.c,1358 :: 		
0x04F6	0x260B      	ADDWF       R11, 1, 0
;__Lib_Math.c,1359 :: 		
0x04F8	0x6AE8      	CLRF        WREG, 0
;__Lib_Math.c,1360 :: 		
0x04FA	0xB0D8      	BTFSC       STATUS, 0, 0
;__Lib_Math.c,1361 :: 		
0x04FC	0x0E01      	MOVLW       1
;__Lib_Math.c,1362 :: 		
0x04FE	0x260E      	ADDWF       R14, 1, 0
;__Lib_Math.c,1364 :: 		
UOK22LB:
;__Lib_Math.c,1365 :: 		
0x0500	0x3602      	RLCF        R2, 1, 0
;__Lib_Math.c,1367 :: 		
0x0502	0x2E0C      	DECFSZ      R12, 1, 0
;__Lib_Math.c,1368 :: 		
0x0504	0xD7D1      	BRA         LOOPU3232B
;__Lib_Math.c,1370 :: 		
0x0506	0x3401      	RLCF        R1, 0, 0
;__Lib_Math.c,1371 :: 		
0x0508	0x3608      	RLCF        R8, 1, 0
;__Lib_Math.c,1372 :: 		
0x050A	0x3609      	RLCF        R9, 1, 0
;__Lib_Math.c,1373 :: 		
0x050C	0x360A      	RLCF        R10, 1, 0
;__Lib_Math.c,1374 :: 		
0x050E	0x360B      	RLCF        R11, 1, 0
;__Lib_Math.c,1375 :: 		
0x0510	0x360E      	RLCF        R14, 1, 0
;__Lib_Math.c,1376 :: 		
0x0512	0x5004      	MOVF        R4, 0, 0
;__Lib_Math.c,1377 :: 		
0x0514	0xA002      	BTFSS       R2, 0, 0
;__Lib_Math.c,1378 :: 		
0x0516	0xD012      	BRA         UADD22L16
;__Lib_Math.c,1380 :: 		
0x0518	0x5E08      	SUBWF       R8, 1, 0
;__Lib_Math.c,1381 :: 		
0x051A	0x5005      	MOVF        R5, 0, 0
;__Lib_Math.c,1382 :: 		
0x051C	0xA0D8      	BTFSS       STATUS, 0, 0
;__Lib_Math.c,1383 :: 		
0x051E	0x3C05      	INCFSZ      R5, 0, 0
;__Lib_Math.c,1384 :: 		
0x0520	0x5E09      	SUBWF       R9, 1, 0
;__Lib_Math.c,1385 :: 		
0x0522	0x5006      	MOVF        R6, 0, 0
;__Lib_Math.c,1386 :: 		
0x0524	0xA0D8      	BTFSS       STATUS, 0, 0
;__Lib_Math.c,1387 :: 		
0x0526	0x3C06      	INCFSZ      R6, 0, 0
;__Lib_Math.c,1388 :: 		
0x0528	0x5E0A      	SUBWF       R10, 1, 0
;__Lib_Math.c,1389 :: 		
0x052A	0x5007      	MOVF        R7, 0, 0
;__Lib_Math.c,1390 :: 		
0x052C	0xA0D8      	BTFSS       STATUS, 0, 0
;__Lib_Math.c,1391 :: 		
0x052E	0x3C07      	INCFSZ      R7, 0, 0
;__Lib_Math.c,1392 :: 		
0x0530	0x5E0B      	SUBWF       R11, 1, 0
;__Lib_Math.c,1393 :: 		
0x0532	0x6AE8      	CLRF        WREG, 0
;__Lib_Math.c,1394 :: 		
0x0534	0xA0D8      	BTFSS       STATUS, 0, 0
;__Lib_Math.c,1395 :: 		
0x0536	0x0E01      	MOVLW       1
;__Lib_Math.c,1396 :: 		
0x0538	0x5E0E      	SUBWF       R14, 1, 0
;__Lib_Math.c,1397 :: 		
0x053A	0xD011      	BRA         UOK22L16
;__Lib_Math.c,1399 :: 		
UADD22L16:
;__Lib_Math.c,1400 :: 		
0x053C	0x2608      	ADDWF       R8, 1, 0
;__Lib_Math.c,1401 :: 		
0x053E	0x5005      	MOVF        R5, 0, 0
;__Lib_Math.c,1402 :: 		
0x0540	0xB0D8      	BTFSC       STATUS, 0, 0
;__Lib_Math.c,1403 :: 		
0x0542	0x3C05      	INCFSZ      R5, 0, 0
;__Lib_Math.c,1404 :: 		
0x0544	0x2609      	ADDWF       R9, 1, 0
;__Lib_Math.c,1405 :: 		
0x0546	0x5006      	MOVF        R6, 0, 0
;__Lib_Math.c,1406 :: 		
0x0548	0xB0D8      	BTFSC       STATUS, 0, 0
;__Lib_Math.c,1407 :: 		
0x054A	0x3C06      	INCFSZ      R6, 0, 0
;__Lib_Math.c,1408 :: 		
0x054C	0x260A      	ADDWF       R10, 1, 0
;__Lib_Math.c,1409 :: 		
0x054E	0x5007      	MOVF        R7, 0, 0
;__Lib_Math.c,1410 :: 		
0x0550	0xB0D8      	BTFSC       STATUS, 0, 0
;__Lib_Math.c,1411 :: 		
0x0552	0x3C07      	INCFSZ      R7, 0, 0
;__Lib_Math.c,1412 :: 		
0x0554	0x260B      	ADDWF       R11, 1, 0
;__Lib_Math.c,1413 :: 		
0x0556	0x6AE8      	CLRF        WREG, 0
;__Lib_Math.c,1414 :: 		
0x0558	0xB0D8      	BTFSC       STATUS, 0, 0
;__Lib_Math.c,1415 :: 		
0x055A	0x0E01      	MOVLW       1
;__Lib_Math.c,1416 :: 		
0x055C	0x260E      	ADDWF       R14, 1, 0
;__Lib_Math.c,1418 :: 		
UOK22L16:
;__Lib_Math.c,1419 :: 		
0x055E	0x3601      	RLCF        R1, 1, 0
;__Lib_Math.c,1421 :: 		
0x0560	0x0E07      	MOVLW       7
;__Lib_Math.c,1422 :: 		
0x0562	0x6E0C      	MOVWF       R12, 0
;__Lib_Math.c,1424 :: 		
LOOPU3232C:
;__Lib_Math.c,1425 :: 		
0x0564	0x3401      	RLCF        R1, 0, 0
;__Lib_Math.c,1426 :: 		
0x0566	0x3608      	RLCF        R8, 1, 0
;__Lib_Math.c,1427 :: 		
0x0568	0x3609      	RLCF        R9, 1, 0
;__Lib_Math.c,1428 :: 		
0x056A	0x360A      	RLCF        R10, 1, 0
;__Lib_Math.c,1429 :: 		
0x056C	0x360B      	RLCF        R11, 1, 0
;__Lib_Math.c,1430 :: 		
0x056E	0x360E      	RLCF        R14, 1, 0
;__Lib_Math.c,1431 :: 		
0x0570	0x5004      	MOVF        R4, 0, 0
;__Lib_Math.c,1432 :: 		
0x0572	0xA001      	BTFSS       R1, 0, 0
;__Lib_Math.c,1433 :: 		
0x0574	0xD012      	BRA         UADD22LC
;__Lib_Math.c,1435 :: 		
0x0576	0x5E08      	SUBWF       R8, 1, 0
;__Lib_Math.c,1436 :: 		
0x0578	0x5005      	MOVF        R5, 0, 0
;__Lib_Math.c,1437 :: 		
0x057A	0xA0D8      	BTFSS       STATUS, 0, 0
;__Lib_Math.c,1438 :: 		
0x057C	0x3C05      	INCFSZ      R5, 0, 0
;__Lib_Math.c,1439 :: 		
0x057E	0x5E09      	SUBWF       R9, 1, 0
;__Lib_Math.c,1440 :: 		
0x0580	0x5006      	MOVF        R6, 0, 0
;__Lib_Math.c,1441 :: 		
0x0582	0xA0D8      	BTFSS       STATUS, 0, 0
;__Lib_Math.c,1442 :: 		
0x0584	0x3C06      	INCFSZ      R6, 0, 0
;__Lib_Math.c,1443 :: 		
0x0586	0x5E0A      	SUBWF       R10, 1, 0
;__Lib_Math.c,1444 :: 		
0x0588	0x5007      	MOVF        R7, 0, 0
;__Lib_Math.c,1445 :: 		
0x058A	0xA0D8      	BTFSS       STATUS, 0, 0
;__Lib_Math.c,1446 :: 		
0x058C	0x3C07      	INCFSZ      R7, 0, 0
;__Lib_Math.c,1447 :: 		
0x058E	0x5E0B      	SUBWF       R11, 1, 0
;__Lib_Math.c,1448 :: 		
0x0590	0x6AE8      	CLRF        WREG, 0
;__Lib_Math.c,1449 :: 		
0x0592	0xA0D8      	BTFSS       STATUS, 0, 0
;__Lib_Math.c,1450 :: 		
0x0594	0x0E01      	MOVLW       1
;__Lib_Math.c,1451 :: 		
0x0596	0x5E0E      	SUBWF       R14, 1, 0
;__Lib_Math.c,1452 :: 		
0x0598	0xD011      	BRA         UOK22LC
;__Lib_Math.c,1454 :: 		
UADD22LC:
;__Lib_Math.c,1455 :: 		
0x059A	0x2608      	ADDWF       R8, 1, 0
;__Lib_Math.c,1456 :: 		
0x059C	0x5005      	MOVF        R5, 0, 0
;__Lib_Math.c,1457 :: 		
0x059E	0xB0D8      	BTFSC       STATUS, 0, 0
;__Lib_Math.c,1458 :: 		
0x05A0	0x3C05      	INCFSZ      R5, 0, 0
;__Lib_Math.c,1459 :: 		
0x05A2	0x2609      	ADDWF       R9, 1, 0
;__Lib_Math.c,1460 :: 		
0x05A4	0x5006      	MOVF        R6, 0, 0
;__Lib_Math.c,1461 :: 		
0x05A6	0xB0D8      	BTFSC       STATUS, 0, 0
;__Lib_Math.c,1462 :: 		
0x05A8	0x3C06      	INCFSZ      R6, 0, 0
;__Lib_Math.c,1463 :: 		
0x05AA	0x260A      	ADDWF       R10, 1, 0
;__Lib_Math.c,1464 :: 		
0x05AC	0x5007      	MOVF        R7, 0, 0
;__Lib_Math.c,1465 :: 		
0x05AE	0xB0D8      	BTFSC       STATUS, 0, 0
;__Lib_Math.c,1466 :: 		
0x05B0	0x3C07      	INCFSZ      R7, 0, 0
;__Lib_Math.c,1467 :: 		
0x05B2	0x260B      	ADDWF       R11, 1, 0
;__Lib_Math.c,1468 :: 		
0x05B4	0x6AE8      	CLRF        WREG, 0
;__Lib_Math.c,1469 :: 		
0x05B6	0xB0D8      	BTFSC       STATUS, 0, 0
;__Lib_Math.c,1470 :: 		
0x05B8	0x0E01      	MOVLW       1
;__Lib_Math.c,1471 :: 		
0x05BA	0x260E      	ADDWF       R14, 1, 0
;__Lib_Math.c,1473 :: 		
UOK22LC:
;__Lib_Math.c,1474 :: 		
0x05BC	0x3601      	RLCF        R1, 1, 0
;__Lib_Math.c,1476 :: 		
0x05BE	0x2E0C      	DECFSZ      R12, 1, 0
;__Lib_Math.c,1477 :: 		
0x05C0	0xD7D1      	BRA         LOOPU3232C
;__Lib_Math.c,1479 :: 		
0x05C2	0x3400      	RLCF        R0, 0, 0
;__Lib_Math.c,1480 :: 		
0x05C4	0x3608      	RLCF        R8, 1, 0
;__Lib_Math.c,1481 :: 		
0x05C6	0x3609      	RLCF        R9, 1, 0
;__Lib_Math.c,1482 :: 		
0x05C8	0x360A      	RLCF        R10, 1, 0
;__Lib_Math.c,1483 :: 		
0x05CA	0x360B      	RLCF        R11, 1, 0
;__Lib_Math.c,1484 :: 		
0x05CC	0x360E      	RLCF        R14, 1, 0
;__Lib_Math.c,1485 :: 		
0x05CE	0x5004      	MOVF        R4, 0, 0
;__Lib_Math.c,1486 :: 		
0x05D0	0xA001      	BTFSS       R1, 0, 0
;__Lib_Math.c,1487 :: 		
0x05D2	0xD012      	BRA         UADD22L24
;__Lib_Math.c,1489 :: 		
0x05D4	0x5E08      	SUBWF       R8, 1, 0
;__Lib_Math.c,1490 :: 		
0x05D6	0x5005      	MOVF        R5, 0, 0
;__Lib_Math.c,1491 :: 		
0x05D8	0xA0D8      	BTFSS       STATUS, 0, 0
;__Lib_Math.c,1492 :: 		
0x05DA	0x3C05      	INCFSZ      R5, 0, 0
;__Lib_Math.c,1493 :: 		
0x05DC	0x5E09      	SUBWF       R9, 1, 0
;__Lib_Math.c,1494 :: 		
0x05DE	0x5006      	MOVF        R6, 0, 0
;__Lib_Math.c,1495 :: 		
0x05E0	0xA0D8      	BTFSS       STATUS, 0, 0
;__Lib_Math.c,1496 :: 		
0x05E2	0x3C06      	INCFSZ      R6, 0, 0
;__Lib_Math.c,1497 :: 		
0x05E4	0x5E0A      	SUBWF       R10, 1, 0
;__Lib_Math.c,1498 :: 		
0x05E6	0x5007      	MOVF        R7, 0, 0
;__Lib_Math.c,1499 :: 		
0x05E8	0xA0D8      	BTFSS       STATUS, 0, 0
;__Lib_Math.c,1500 :: 		
0x05EA	0x3C07      	INCFSZ      R7, 0, 0
;__Lib_Math.c,1501 :: 		
0x05EC	0x5E0B      	SUBWF       R11, 1, 0
;__Lib_Math.c,1502 :: 		
0x05EE	0x6AE8      	CLRF        WREG, 0
;__Lib_Math.c,1503 :: 		
0x05F0	0xA0D8      	BTFSS       STATUS, 0, 0
;__Lib_Math.c,1504 :: 		
0x05F2	0x0E01      	MOVLW       1
;__Lib_Math.c,1505 :: 		
0x05F4	0x5E0E      	SUBWF       R14, 1, 0
;__Lib_Math.c,1506 :: 		
0x05F6	0xD011      	BRA         UOK22L24
;__Lib_Math.c,1508 :: 		
UADD22L24:
;__Lib_Math.c,1509 :: 		
0x05F8	0x2608      	ADDWF       R8, 1, 0
;__Lib_Math.c,1510 :: 		
0x05FA	0x5005      	MOVF        R5, 0, 0
;__Lib_Math.c,1511 :: 		
0x05FC	0xB0D8      	BTFSC       STATUS, 0, 0
;__Lib_Math.c,1512 :: 		
0x05FE	0x3C05      	INCFSZ      R5, 0, 0
;__Lib_Math.c,1513 :: 		
0x0600	0x2609      	ADDWF       R9, 1, 0
;__Lib_Math.c,1514 :: 		
0x0602	0x5006      	MOVF        R6, 0, 0
;__Lib_Math.c,1515 :: 		
0x0604	0xB0D8      	BTFSC       STATUS, 0, 0
;__Lib_Math.c,1516 :: 		
0x0606	0x3C06      	INCFSZ      R6, 0, 0
;__Lib_Math.c,1517 :: 		
0x0608	0x260A      	ADDWF       R10, 1, 0
;__Lib_Math.c,1518 :: 		
0x060A	0x5007      	MOVF        R7, 0, 0
;__Lib_Math.c,1519 :: 		
0x060C	0xB0D8      	BTFSC       STATUS, 0, 0
;__Lib_Math.c,1520 :: 		
0x060E	0x3C07      	INCFSZ      R7, 0, 0
;__Lib_Math.c,1521 :: 		
0x0610	0x260B      	ADDWF       R11, 1, 0
;__Lib_Math.c,1522 :: 		
0x0612	0x6AE8      	CLRF        WREG, 0
;__Lib_Math.c,1523 :: 		
0x0614	0xB0D8      	BTFSC       STATUS, 0, 0
;__Lib_Math.c,1524 :: 		
0x0616	0x0E01      	MOVLW       1
;__Lib_Math.c,1525 :: 		
0x0618	0x260E      	ADDWF       R14, 1, 0
;__Lib_Math.c,1527 :: 		
UOK22L24:
;__Lib_Math.c,1528 :: 		
0x061A	0x3600      	RLCF        R0, 1, 0
;__Lib_Math.c,1530 :: 		
0x061C	0x0E07      	MOVLW       7
;__Lib_Math.c,1531 :: 		
0x061E	0x6E0C      	MOVWF       R12, 0
;__Lib_Math.c,1533 :: 		
LOOPU3232D:
;__Lib_Math.c,1534 :: 		
0x0620	0x3400      	RLCF        R0, 0, 0
;__Lib_Math.c,1535 :: 		
0x0622	0x3608      	RLCF        R8, 1, 0
;__Lib_Math.c,1536 :: 		
0x0624	0x3609      	RLCF        R9, 1, 0
;__Lib_Math.c,1537 :: 		
0x0626	0x360A      	RLCF        R10, 1, 0
;__Lib_Math.c,1538 :: 		
0x0628	0x360B      	RLCF        R11, 1, 0
;__Lib_Math.c,1539 :: 		
0x062A	0x360E      	RLCF        R14, 1, 0
;__Lib_Math.c,1540 :: 		
0x062C	0x5004      	MOVF        R4, 0, 0
;__Lib_Math.c,1541 :: 		
0x062E	0xA000      	BTFSS       R0, 0, 0
;__Lib_Math.c,1542 :: 		
0x0630	0xD012      	BRA         UADD22LD
;__Lib_Math.c,1544 :: 		
0x0632	0x5E08      	SUBWF       R8, 1, 0
;__Lib_Math.c,1545 :: 		
0x0634	0x5005      	MOVF        R5, 0, 0
;__Lib_Math.c,1546 :: 		
0x0636	0xA0D8      	BTFSS       STATUS, 0, 0
;__Lib_Math.c,1547 :: 		
0x0638	0x3C05      	INCFSZ      R5, 0, 0
;__Lib_Math.c,1548 :: 		
0x063A	0x5E09      	SUBWF       R9, 1, 0
;__Lib_Math.c,1549 :: 		
0x063C	0x5006      	MOVF        R6, 0, 0
;__Lib_Math.c,1550 :: 		
0x063E	0xA0D8      	BTFSS       STATUS, 0, 0
;__Lib_Math.c,1551 :: 		
0x0640	0x3C06      	INCFSZ      R6, 0, 0
;__Lib_Math.c,1552 :: 		
0x0642	0x5E0A      	SUBWF       R10, 1, 0
;__Lib_Math.c,1553 :: 		
0x0644	0x5007      	MOVF        R7, 0, 0
;__Lib_Math.c,1554 :: 		
0x0646	0xA0D8      	BTFSS       STATUS, 0, 0
;__Lib_Math.c,1555 :: 		
0x0648	0x3C07      	INCFSZ      R7, 0, 0
;__Lib_Math.c,1556 :: 		
0x064A	0x5E0B      	SUBWF       R11, 1, 0
;__Lib_Math.c,1557 :: 		
0x064C	0x6AE8      	CLRF        WREG, 0
;__Lib_Math.c,1558 :: 		
0x064E	0xA0D8      	BTFSS       STATUS, 0, 0
;__Lib_Math.c,1559 :: 		
0x0650	0x0E01      	MOVLW       1
;__Lib_Math.c,1560 :: 		
0x0652	0x5E0E      	SUBWF       R14, 1, 0
;__Lib_Math.c,1561 :: 		
0x0654	0xD011      	BRA         UOK22LD
;__Lib_Math.c,1563 :: 		
UADD22LD:
;__Lib_Math.c,1564 :: 		
0x0656	0x2608      	ADDWF       R8, 1, 0
;__Lib_Math.c,1565 :: 		
0x0658	0x5005      	MOVF        R5, 0, 0
;__Lib_Math.c,1566 :: 		
0x065A	0xB0D8      	BTFSC       STATUS, 0, 0
;__Lib_Math.c,1567 :: 		
0x065C	0x3C05      	INCFSZ      R5, 0, 0
;__Lib_Math.c,1568 :: 		
0x065E	0x2609      	ADDWF       R9, 1, 0
;__Lib_Math.c,1569 :: 		
0x0660	0x5006      	MOVF        R6, 0, 0
;__Lib_Math.c,1570 :: 		
0x0662	0xB0D8      	BTFSC       STATUS, 0, 0
;__Lib_Math.c,1571 :: 		
0x0664	0x3C06      	INCFSZ      R6, 0, 0
;__Lib_Math.c,1572 :: 		
0x0666	0x260A      	ADDWF       R10, 1, 0
;__Lib_Math.c,1573 :: 		
0x0668	0x5007      	MOVF        R7, 0, 0
;__Lib_Math.c,1574 :: 		
0x066A	0xB0D8      	BTFSC       STATUS, 0, 0
;__Lib_Math.c,1575 :: 		
0x066C	0x3C07      	INCFSZ      R7, 0, 0
;__Lib_Math.c,1576 :: 		
0x066E	0x260B      	ADDWF       R11, 1, 0
;__Lib_Math.c,1577 :: 		
0x0670	0x6AE8      	CLRF        WREG, 0
;__Lib_Math.c,1578 :: 		
0x0672	0xB0D8      	BTFSC       STATUS, 0, 0
;__Lib_Math.c,1579 :: 		
0x0674	0x0E01      	MOVLW       1
;__Lib_Math.c,1580 :: 		
0x0676	0x260E      	ADDWF       R14, 1, 0
;__Lib_Math.c,1582 :: 		
UOK22LD:
;__Lib_Math.c,1583 :: 		
0x0678	0x3600      	RLCF        R0, 1, 0
;__Lib_Math.c,1585 :: 		
0x067A	0x2E0C      	DECFSZ      R12, 1, 0
;__Lib_Math.c,1586 :: 		
0x067C	0xD7D1      	BRA         LOOPU3232D
;__Lib_Math.c,1588 :: 		
0x067E	0xB000      	BTFSC       R0, 0, 0
;__Lib_Math.c,1589 :: 		
0x0680	0xD00E      	BRA         UOK22L
;__Lib_Math.c,1590 :: 		
0x0682	0x5004      	MOVF        R4, 0, 0
;__Lib_Math.c,1591 :: 		
0x0684	0x2608      	ADDWF       R8, 1, 0
;__Lib_Math.c,1592 :: 		
0x0686	0x5005      	MOVF        R5, 0, 0
;__Lib_Math.c,1593 :: 		
0x0688	0xB0D8      	BTFSC       STATUS, 0, 0
;__Lib_Math.c,1594 :: 		
0x068A	0x3C05      	INCFSZ      R5, 0, 0
;__Lib_Math.c,1595 :: 		
0x068C	0x2609      	ADDWF       R9, 1, 0
;__Lib_Math.c,1596 :: 		
0x068E	0x5006      	MOVF        R6, 0, 0
;__Lib_Math.c,1597 :: 		
0x0690	0xB0D8      	BTFSC       STATUS, 0, 0
;__Lib_Math.c,1598 :: 		
0x0692	0x3C06      	INCFSZ      R6, 0, 0
;__Lib_Math.c,1599 :: 		
0x0694	0x260A      	ADDWF       R10, 1, 0
;__Lib_Math.c,1600 :: 		
0x0696	0x5007      	MOVF        R7, 0, 0
;__Lib_Math.c,1601 :: 		
0x0698	0xB0D8      	BTFSC       STATUS, 0, 0
;__Lib_Math.c,1602 :: 		
0x069A	0x3C07      	INCFSZ      R7, 0, 0
;__Lib_Math.c,1603 :: 		
0x069C	0x260B      	ADDWF       R11, 1, 0
;__Lib_Math.c,1605 :: 		
UOK22L:
;__Lib_Math.c,1607 :: 		
L_end_Div_32x32_U:
0x069E	0x0012      	RETURN      0
; end of _Div_32x32_U
_Mul_32x32_U:
;__Lib_Math.c,1616 :: 		
;__Lib_Math.c,1631 :: 		
0x06A0	0x0E22      	MOVLW       34
;__Lib_Math.c,1632 :: 		
0x06A2	0x6E0C      	MOVWF       R12, 0
;__Lib_Math.c,1633 :: 		
0x06A4	0x6A08      	CLRF        R8, 0
;__Lib_Math.c,1634 :: 		
0x06A6	0x6A09      	CLRF        R9, 0
;__Lib_Math.c,1635 :: 		
0x06A8	0x6A0A      	CLRF        R10, 0
;__Lib_Math.c,1636 :: 		
0x06AA	0x6A0B      	CLRF        R11, 0
;__Lib_Math.c,1638 :: 		
_NEXT:
;__Lib_Math.c,1642 :: 		
0x06AC	0x060C      	DECF        R12, 1, 0
;__Lib_Math.c,1643 :: 		
0x06AE	0xB4D8      	BTFSC       STATUS, 2, 0
;__Lib_Math.c,1644 :: 		
0x06B0	0xD01F      	BRA         _EXIT2
;__Lib_Math.c,1645 :: 		
0x06B2	0x90D8      	BCF         STATUS, 0, 0
;__Lib_Math.c,1647 :: 		
_LOOP:
;__Lib_Math.c,1656 :: 		
0x06B4	0x320B      	RRCF        R11, 1, 0
;__Lib_Math.c,1657 :: 		
0x06B6	0x320A      	RRCF        R10, 1, 0
;__Lib_Math.c,1658 :: 		
0x06B8	0x3209      	RRCF        R9, 1, 0
;__Lib_Math.c,1659 :: 		
0x06BA	0x3208      	RRCF        R8, 1, 0
;__Lib_Math.c,1660 :: 		
0x06BC	0x3203      	RRCF        R3, 1, 0
;__Lib_Math.c,1661 :: 		
0x06BE	0x3202      	RRCF        R2, 1, 0
;__Lib_Math.c,1662 :: 		
0x06C0	0x3201      	RRCF        R1, 1, 0
;__Lib_Math.c,1663 :: 		
0x06C2	0x3200      	RRCF        R0, 1, 0
;__Lib_Math.c,1668 :: 		
0x06C4	0xA0D8      	BTFSS       STATUS, 0, 0
;__Lib_Math.c,1669 :: 		
0x06C6	0xD7F2      	BRA         _NEXT
;__Lib_Math.c,1670 :: 		
0x06C8	0x060C      	DECF        R12, 1, 0
;__Lib_Math.c,1671 :: 		
0x06CA	0xB4D8      	BTFSC       STATUS, 2, 0
;__Lib_Math.c,1672 :: 		
0x06CC	0xD009      	BRA         _EXIT1
;__Lib_Math.c,1679 :: 		
0x06CE	0x5004      	MOVF        R4, 0, 0
;__Lib_Math.c,1680 :: 		
0x06D0	0x2608      	ADDWF       R8, 1, 0
;__Lib_Math.c,1681 :: 		
0x06D2	0x5005      	MOVF        R5, 0, 0
;__Lib_Math.c,1684 :: 		
0x06D4	0x2209      	ADDWFC      R9, 1, 0
;__Lib_Math.c,1685 :: 		
0x06D6	0x5006      	MOVF        R6, 0, 0
;__Lib_Math.c,1688 :: 		
0x06D8	0x220A      	ADDWFC      R10, 1, 0
;__Lib_Math.c,1689 :: 		
0x06DA	0x5007      	MOVF        R7, 0, 0
;__Lib_Math.c,1692 :: 		
0x06DC	0x220B      	ADDWFC      R11, 1, 0
;__Lib_Math.c,1694 :: 		
0x06DE	0xD7EA      	BRA         _LOOP
;__Lib_Math.c,1696 :: 		
_EXIT1:
;__Lib_Math.c,1701 :: 		
0x06E0	0x5004      	MOVF        R4, 0, 0
;__Lib_Math.c,1702 :: 		
0x06E2	0x2608      	ADDWF       R8, 1, 0
;__Lib_Math.c,1703 :: 		
0x06E4	0x5005      	MOVF        R5, 0, 0
;__Lib_Math.c,1706 :: 		
0x06E6	0x2209      	ADDWFC      R9, 1, 0
;__Lib_Math.c,1707 :: 		
0x06E8	0x5006      	MOVF        R6, 0, 0
;__Lib_Math.c,1710 :: 		
0x06EA	0x220A      	ADDWFC      R10, 1, 0
;__Lib_Math.c,1711 :: 		
0x06EC	0x5007      	MOVF        R7, 0, 0
;__Lib_Math.c,1714 :: 		
0x06EE	0x220B      	ADDWFC      R11, 1, 0
;__Lib_Math.c,1717 :: 		
_EXIT2:
;__Lib_Math.c,1719 :: 		
L_end_Mul_32x32_U:
0x06F0	0x0012      	RETURN      0
; end of _Mul_32x32_U
_main:
;Blacky.c,8 :: 		void main() {
;Blacky.c,9 :: 		ADCON1 |= 0x0F;
0x06F2	0x0E0F      	MOVLW       15
0x06F4	0x12C1      	IORWF       ADCON1, 1 
;Blacky.c,10 :: 		CMCON  |= 7;
0x06F6	0x0E07      	MOVLW       7
0x06F8	0x12B4      	IORWF       CMCON, 1 
;Blacky.c,11 :: 		main_init();
0x06FA	0xDE48      	RCALL       _main_init
;Blacky.c,13 :: 		TRISD = 0x2A;
0x06FC	0x0E2A      	MOVLW       42
0x06FE	0x6E95      	MOVWF       TRISD 
;Blacky.c,14 :: 		TRISB = 0x00;
0x0700	0x6A93      	CLRF        TRISB 
;Blacky.c,15 :: 		LATB = 0x00;
0x0702	0x6A8A      	CLRF        LATB 
;Blacky.c,16 :: 		LATD = 0;
0x0704	0x6A8C      	CLRF        LATD 
;Blacky.c,18 :: 		UART1_Init(9600);
0x0706	0x86B8      	BSF         BAUDCON, 3, 0
0x0708	0x6AB0      	CLRF        SPBRGH 
0x070A	0x0ECF      	MOVLW       207
0x070C	0x6EAF      	MOVWF       SPBRG 
0x070E	0x84AC      	BSF         TXSTA, 2, 0
0x0710	0xDE0B      	RCALL       _UART1_Init
;Blacky.c,19 :: 		Delay_ms(100);
0x0712	0x0E02      	MOVLW       2
0x0714	0x6E0B      	MOVWF       R11, 0
0x0716	0x0E04      	MOVLW       4
0x0718	0x6E0C      	MOVWF       R12, 0
0x071A	0x0EBA      	MOVLW       186
0x071C	0x6E0D      	MOVWF       R13, 0
L_main0:
0x071E	0x2E0D      	DECFSZ      R13, 1, 0
0x0720	0xD7FE      	BRA         L_main0
0x0722	0x2E0C      	DECFSZ      R12, 1, 0
0x0724	0xD7FC      	BRA         L_main0
0x0726	0x2E0B      	DECFSZ      R11, 1, 0
0x0728	0xD7FA      	BRA         L_main0
0x072A	0x0000      	NOP
;Blacky.c,21 :: 		while(1){
L_main1:
;Blacky.c,22 :: 		count_distance[0] =0;
0x072C	0x6A24      	CLRF        _count_distance 
0x072E	0x6A25      	CLRF        _count_distance+1 
0x0730	0x6A26      	CLRF        _count_distance+2 
0x0732	0x6A27      	CLRF        _count_distance+3 
;Blacky.c,23 :: 		count_distance[2] =0;
0x0734	0x6A2C      	CLRF        _count_distance+8 
0x0736	0x6A2D      	CLRF        _count_distance+9 
0x0738	0x6A2E      	CLRF        _count_distance+10 
0x073A	0x6A2F      	CLRF        _count_distance+11 
;Blacky.c,24 :: 		count_distance[1] =0;
0x073C	0x6A28      	CLRF        _count_distance+4 
0x073E	0x6A29      	CLRF        _count_distance+5 
0x0740	0x6A2A      	CLRF        _count_distance+6 
0x0742	0x6A2B      	CLRF        _count_distance+7 
;Blacky.c,26 :: 		LATD = 0x01;
0x0744	0x0E01      	MOVLW       1
0x0746	0x6E8C      	MOVWF       LATD 
;Blacky.c,27 :: 		Delay_us(20);
0x0748	0x0E0D      	MOVLW       13
0x074A	0x6E0D      	MOVWF       R13, 0
L_main3:
0x074C	0x2E0D      	DECFSZ      R13, 1, 0
0x074E	0xD7FE      	BRA         L_main3
;Blacky.c,28 :: 		LATD = 0x00;
0x0750	0x6A8C      	CLRF        LATD 
;Blacky.c,29 :: 		while (PORTD.RD1 == 0)
L_main4:
0x0752	0xB283      	BTFSC       PORTD, 1 
0x0754	0xD005      	BRA         L_main5
;Blacky.c,30 :: 		count_distance[0] = 0;
0x0756	0x6A24      	CLRF        _count_distance 
0x0758	0x6A25      	CLRF        _count_distance+1 
0x075A	0x6A26      	CLRF        _count_distance+2 
0x075C	0x6A27      	CLRF        _count_distance+3 
0x075E	0xD7F9      	BRA         L_main4
L_main5:
;Blacky.c,31 :: 		while (PORTD.RD1 == 1)
L_main6:
0x0760	0xA283      	BTFSS       PORTD, 1 
0x0762	0xD007      	BRA         L_main7
;Blacky.c,33 :: 		count_distance[0]++;
0x0764	0x0E01      	MOVLW       1
0x0766	0x2624      	ADDWF       _count_distance, 1 
0x0768	0x0E00      	MOVLW       0
0x076A	0x2225      	ADDWFC      _count_distance+1, 1 
0x076C	0x2226      	ADDWFC      _count_distance+2, 1 
0x076E	0x2227      	ADDWFC      _count_distance+3, 1 
;Blacky.c,34 :: 		}
0x0770	0xD7F7      	BRA         L_main6
L_main7:
;Blacky.c,35 :: 		if (count_distance[0] > 1000)
0x0772	0x5027      	MOVF        _count_distance+3, 0 
0x0774	0x0800      	SUBLW       0
0x0776	0xE108      	BNZ         L__main23
0x0778	0x5026      	MOVF        _count_distance+2, 0 
0x077A	0x0800      	SUBLW       0
0x077C	0xE105      	BNZ         L__main23
0x077E	0x5025      	MOVF        _count_distance+1, 0 
0x0780	0x0803      	SUBLW       3
0x0782	0xE102      	BNZ         L__main23
0x0784	0x5024      	MOVF        _count_distance, 0 
0x0786	0x08E8      	SUBLW       232
L__main23:
0x0788	0xE207      	BC          L_main8
;Blacky.c,36 :: 		count_distance[0] = 1000;
0x078A	0x0EE8      	MOVLW       232
0x078C	0x6E24      	MOVWF       _count_distance 
0x078E	0x0E03      	MOVLW       3
0x0790	0x6E25      	MOVWF       _count_distance+1 
0x0792	0x0E00      	MOVLW       0
0x0794	0x6E26      	MOVWF       _count_distance+2 
0x0796	0x6E27      	MOVWF       _count_distance+3 
L_main8:
;Blacky.c,38 :: 		calculation[0] = (255*count_distance[0]/1000);
0x0798	0x0EFF      	MOVLW       255
0x079A	0x6E00      	MOVWF       R0 
0x079C	0x0E00      	MOVLW       0
0x079E	0x6E01      	MOVWF       R1 
0x07A0	0x6E02      	MOVWF       R2 
0x07A2	0x6E03      	MOVWF       R3 
0x07A4	0xF004C024  	MOVFF       _count_distance, R4
0x07A8	0xF005C025  	MOVFF       _count_distance+1, R5
0x07AC	0xF006C026  	MOVFF       _count_distance+2, R6
0x07B0	0xF007C027  	MOVFF       _count_distance+3, R7
0x07B4	0xDF75      	RCALL       _Mul_32x32_U
0x07B6	0x0EE8      	MOVLW       232
0x07B8	0x6E04      	MOVWF       R4 
0x07BA	0x0E03      	MOVLW       3
0x07BC	0x6E05      	MOVWF       R5 
0x07BE	0x0E00      	MOVLW       0
0x07C0	0x6E06      	MOVWF       R6 
0x07C2	0x6E07      	MOVWF       R7 
0x07C4	0xDDF7      	RCALL       _Div_32x32_U
0x07C6	0xDDE4      	RCALL       _Longword2Double
0x07C8	0xF018C000  	MOVFF       R0, _calculation
0x07CC	0xF019C001  	MOVFF       R1, _calculation+1
0x07D0	0xF01AC002  	MOVFF       R2, _calculation+2
0x07D4	0xF01BC003  	MOVFF       R3, _calculation+3
;Blacky.c,39 :: 		finalcount[0] = calculation[0];
0x07D8	0xDD5A      	RCALL       _Double2Byte
0x07DA	0xF015C000  	MOVFF       R0, _finalcount
;Blacky.c,40 :: 		UART1_Write(finalcount[0]);
0x07DE	0xF040C000  	MOVFF       R0, FARG_UART1_Write_data_
0x07E2	0xDDCD      	RCALL       _UART1_Write
;Blacky.c,42 :: 		LATD = 0x04;
0x07E4	0x0E04      	MOVLW       4
0x07E6	0x6E8C      	MOVWF       LATD 
;Blacky.c,43 :: 		Delay_us(20);
0x07E8	0x0E0D      	MOVLW       13
0x07EA	0x6E0D      	MOVWF       R13, 0
L_main9:
0x07EC	0x2E0D      	DECFSZ      R13, 1, 0
0x07EE	0xD7FE      	BRA         L_main9
;Blacky.c,44 :: 		LATD = 0x00;
0x07F0	0x6A8C      	CLRF        LATD 
;Blacky.c,45 :: 		while (PORTD.RD3 == 0)
L_main10:
0x07F2	0xB683      	BTFSC       PORTD, 3 
0x07F4	0xD005      	BRA         L_main11
;Blacky.c,46 :: 		count_distance[1] = 0;
0x07F6	0x6A28      	CLRF        _count_distance+4 
0x07F8	0x6A29      	CLRF        _count_distance+5 
0x07FA	0x6A2A      	CLRF        _count_distance+6 
0x07FC	0x6A2B      	CLRF        _count_distance+7 
0x07FE	0xD7F9      	BRA         L_main10
L_main11:
;Blacky.c,47 :: 		while (PORTD.RD3 == 1)
L_main12:
0x0800	0xA683      	BTFSS       PORTD, 3 
0x0802	0xD007      	BRA         L_main13
;Blacky.c,49 :: 		count_distance[1]++;
0x0804	0x0E01      	MOVLW       1
0x0806	0x2628      	ADDWF       _count_distance+4, 1 
0x0808	0x0E00      	MOVLW       0
0x080A	0x2229      	ADDWFC      _count_distance+5, 1 
0x080C	0x222A      	ADDWFC      _count_distance+6, 1 
0x080E	0x222B      	ADDWFC      _count_distance+7, 1 
;Blacky.c,50 :: 		}
0x0810	0xD7F7      	BRA         L_main12
L_main13:
;Blacky.c,51 :: 		if (count_distance[1] > 1000)
0x0812	0x502B      	MOVF        _count_distance+7, 0 
0x0814	0x0800      	SUBLW       0
0x0816	0xE108      	BNZ         L__main24
0x0818	0x502A      	MOVF        _count_distance+6, 0 
0x081A	0x0800      	SUBLW       0
0x081C	0xE105      	BNZ         L__main24
0x081E	0x5029      	MOVF        _count_distance+5, 0 
0x0820	0x0803      	SUBLW       3
0x0822	0xE102      	BNZ         L__main24
0x0824	0x5028      	MOVF        _count_distance+4, 0 
0x0826	0x08E8      	SUBLW       232
L__main24:
0x0828	0xE207      	BC          L_main14
;Blacky.c,52 :: 		count_distance[1] = 1000;
0x082A	0x0EE8      	MOVLW       232
0x082C	0x6E28      	MOVWF       _count_distance+4 
0x082E	0x0E03      	MOVLW       3
0x0830	0x6E29      	MOVWF       _count_distance+5 
0x0832	0x0E00      	MOVLW       0
0x0834	0x6E2A      	MOVWF       _count_distance+6 
0x0836	0x6E2B      	MOVWF       _count_distance+7 
L_main14:
;Blacky.c,54 :: 		calculation[1] = (255*count_distance[1]/1000);
0x0838	0x0EFF      	MOVLW       255
0x083A	0x6E00      	MOVWF       R0 
0x083C	0x0E00      	MOVLW       0
0x083E	0x6E01      	MOVWF       R1 
0x0840	0x6E02      	MOVWF       R2 
0x0842	0x6E03      	MOVWF       R3 
0x0844	0xF004C028  	MOVFF       _count_distance+4, R4
0x0848	0xF005C029  	MOVFF       _count_distance+5, R5
0x084C	0xF006C02A  	MOVFF       _count_distance+6, R6
0x0850	0xF007C02B  	MOVFF       _count_distance+7, R7
0x0854	0xDF25      	RCALL       _Mul_32x32_U
0x0856	0x0EE8      	MOVLW       232
0x0858	0x6E04      	MOVWF       R4 
0x085A	0x0E03      	MOVLW       3
0x085C	0x6E05      	MOVWF       R5 
0x085E	0x0E00      	MOVLW       0
0x0860	0x6E06      	MOVWF       R6 
0x0862	0x6E07      	MOVWF       R7 
0x0864	0xDDA7      	RCALL       _Div_32x32_U
0x0866	0xDD94      	RCALL       _Longword2Double
0x0868	0xF01CC000  	MOVFF       R0, _calculation+4
0x086C	0xF01DC001  	MOVFF       R1, _calculation+5
0x0870	0xF01EC002  	MOVFF       R2, _calculation+6
0x0874	0xF01FC003  	MOVFF       R3, _calculation+7
;Blacky.c,55 :: 		finalcount[1] = calculation[1];
0x0878	0xDD0A      	RCALL       _Double2Byte
0x087A	0xF016C000  	MOVFF       R0, _finalcount+1
;Blacky.c,56 :: 		UART1_Write(finalcount[1]);
0x087E	0xF040C000  	MOVFF       R0, FARG_UART1_Write_data_
0x0882	0xDD7D      	RCALL       _UART1_Write
;Blacky.c,58 :: 		LATD = 0x10;
0x0884	0x0E10      	MOVLW       16
0x0886	0x6E8C      	MOVWF       LATD 
;Blacky.c,59 :: 		Delay_us(20);
0x0888	0x0E0D      	MOVLW       13
0x088A	0x6E0D      	MOVWF       R13, 0
L_main15:
0x088C	0x2E0D      	DECFSZ      R13, 1, 0
0x088E	0xD7FE      	BRA         L_main15
;Blacky.c,61 :: 		LATD = 0x00;
0x0890	0x6A8C      	CLRF        LATD 
;Blacky.c,62 :: 		while (PORTD.RD5 == 0)
L_main16:
0x0892	0xBA83      	BTFSC       PORTD, 5 
0x0894	0xD005      	BRA         L_main17
;Blacky.c,63 :: 		count_distance[2] = 0;
0x0896	0x6A2C      	CLRF        _count_distance+8 
0x0898	0x6A2D      	CLRF        _count_distance+9 
0x089A	0x6A2E      	CLRF        _count_distance+10 
0x089C	0x6A2F      	CLRF        _count_distance+11 
0x089E	0xD7F9      	BRA         L_main16
L_main17:
;Blacky.c,64 :: 		while (PORTD.RD5 == 1)
L_main18:
0x08A0	0xAA83      	BTFSS       PORTD, 5 
0x08A2	0xD007      	BRA         L_main19
;Blacky.c,66 :: 		count_distance[2]++;
0x08A4	0x0E01      	MOVLW       1
0x08A6	0x262C      	ADDWF       _count_distance+8, 1 
0x08A8	0x0E00      	MOVLW       0
0x08AA	0x222D      	ADDWFC      _count_distance+9, 1 
0x08AC	0x222E      	ADDWFC      _count_distance+10, 1 
0x08AE	0x222F      	ADDWFC      _count_distance+11, 1 
;Blacky.c,67 :: 		}
0x08B0	0xD7F7      	BRA         L_main18
L_main19:
;Blacky.c,68 :: 		if (count_distance[2] > 1000)
0x08B2	0x502F      	MOVF        _count_distance+11, 0 
0x08B4	0x0800      	SUBLW       0
0x08B6	0xE108      	BNZ         L__main25
0x08B8	0x502E      	MOVF        _count_distance+10, 0 
0x08BA	0x0800      	SUBLW       0
0x08BC	0xE105      	BNZ         L__main25
0x08BE	0x502D      	MOVF        _count_distance+9, 0 
0x08C0	0x0803      	SUBLW       3
0x08C2	0xE102      	BNZ         L__main25
0x08C4	0x502C      	MOVF        _count_distance+8, 0 
0x08C6	0x08E8      	SUBLW       232
L__main25:
0x08C8	0xE207      	BC          L_main20
;Blacky.c,69 :: 		count_distance[2] = 1000;
0x08CA	0x0EE8      	MOVLW       232
0x08CC	0x6E2C      	MOVWF       _count_distance+8 
0x08CE	0x0E03      	MOVLW       3
0x08D0	0x6E2D      	MOVWF       _count_distance+9 
0x08D2	0x0E00      	MOVLW       0
0x08D4	0x6E2E      	MOVWF       _count_distance+10 
0x08D6	0x6E2F      	MOVWF       _count_distance+11 
L_main20:
;Blacky.c,71 :: 		calculation[2] = (255*count_distance[2]/1000);
0x08D8	0x0EFF      	MOVLW       255
0x08DA	0x6E00      	MOVWF       R0 
0x08DC	0x0E00      	MOVLW       0
0x08DE	0x6E01      	MOVWF       R1 
0x08E0	0x6E02      	MOVWF       R2 
0x08E2	0x6E03      	MOVWF       R3 
0x08E4	0xF004C02C  	MOVFF       _count_distance+8, R4
0x08E8	0xF005C02D  	MOVFF       _count_distance+9, R5
0x08EC	0xF006C02E  	MOVFF       _count_distance+10, R6
0x08F0	0xF007C02F  	MOVFF       _count_distance+11, R7
0x08F4	0xDED5      	RCALL       _Mul_32x32_U
0x08F6	0x0EE8      	MOVLW       232
0x08F8	0x6E04      	MOVWF       R4 
0x08FA	0x0E03      	MOVLW       3
0x08FC	0x6E05      	MOVWF       R5 
0x08FE	0x0E00      	MOVLW       0
0x0900	0x6E06      	MOVWF       R6 
0x0902	0x6E07      	MOVWF       R7 
0x0904	0xDD57      	RCALL       _Div_32x32_U
0x0906	0xDD44      	RCALL       _Longword2Double
0x0908	0xF020C000  	MOVFF       R0, _calculation+8
0x090C	0xF021C001  	MOVFF       R1, _calculation+9
0x0910	0xF022C002  	MOVFF       R2, _calculation+10
0x0914	0xF023C003  	MOVFF       R3, _calculation+11
;Blacky.c,72 :: 		finalcount[2] = calculation[2];
0x0918	0xDCBA      	RCALL       _Double2Byte
0x091A	0xF017C000  	MOVFF       R0, _finalcount+2
;Blacky.c,73 :: 		UART1_Write(finalcount[2]);
0x091E	0xF040C000  	MOVFF       R0, FARG_UART1_Write_data_
0x0922	0xDD2D      	RCALL       _UART1_Write
;Blacky.c,76 :: 		UART1_Write(0);
0x0924	0x6A40      	CLRF        FARG_UART1_Write_data_ 
0x0926	0xDD2B      	RCALL       _UART1_Write
;Blacky.c,77 :: 		Delay_ms(1000);
0x0928	0x0E0B      	MOVLW       11
0x092A	0x6E0B      	MOVWF       R11, 0
0x092C	0x0E26      	MOVLW       38
0x092E	0x6E0C      	MOVWF       R12, 0
0x0930	0x0E5D      	MOVLW       93
0x0932	0x6E0D      	MOVWF       R13, 0
L_main21:
0x0934	0x2E0D      	DECFSZ      R13, 1, 0
0x0936	0xD7FE      	BRA         L_main21
0x0938	0x2E0C      	DECFSZ      R12, 1, 0
0x093A	0xD7FC      	BRA         L_main21
0x093C	0x2E0B      	DECFSZ      R11, 1, 0
0x093E	0xD7FA      	BRA         L_main21
0x0940	0x0000      	NOP
0x0942	0x0000      	NOP
;Blacky.c,78 :: 		LATB = !PORTB;
0x0944	0x5281      	MOVF        PORTB, 1 
0x0946	0x0E01      	MOVLW       1
0x0948	0xA4D8      	BTFSS       STATUS, 2 
0x094A	0x0E00      	MOVLW       0
0x094C	0x6E8A      	MOVWF       LATB 
;Blacky.c,79 :: 		}
0x094E	0xD6EE      	BRA         L_main1
;Blacky.c,80 :: 		}
L_end_main:
0x0950	0xD7FF      	BRA         $+0
; end of _main
Symbol List:
//** Routines locations **
//ADDRESS    SIZE    PROCEDURE
//----------------------------------------------
0x001C      [14]    _RES032
0x002A      [24]    _SETFOV32
0x0042       [8]    _FIXSIGN32
0x004A      [26]    _SETFUN32
0x0064      [44]    ____init_core___
0x0090     [482]    _NRM4032
0x0272      [28]    _SETIOV3224
0x028E     [154]    _Double2Byte
0x0328      [86]    _UART1_Init
0x037E      [14]    _UART1_Write
0x038C       [4]    _main_init
0x0390      [36]    _Longword2Double
0x03B4     [748]    _Div_32x32_U
0x06A0      [82]    _Mul_32x32_U
0x06F2     [608]    _main
//** Variables locations ** 
//ADDRESS    SIZE    VARIABLE
//----------------------------------------------
0x0000       [1]    UART1_Init_tmp_L0
0x0000       [1]    R0
0x0001       [1]    UART1_Read___tmp_UART1_Read_L0
0x0001       [1]    R1
0x0002       [1]    R2
0x0003       [1]    R3
0x0004       [1]    R4
0x0005       [1]    R5
0x0006       [1]    R6
0x0007       [1]    R7
0x0008       [1]    R8
0x0009       [1]    R9
0x000A       [1]    R10
0x000B       [1]    R11
0x000C       [1]    R12
0x000D       [1]    R13
0x000E       [1]    R14
0x000F       [1]    R15
0x0010       [1]    R16
0x0011       [1]    R17
0x0012       [1]    R18
0x0013       [1]    R19
0x0014       [1]    R20
0x0015       [3]    _finalcount
0x0018      [12]    _calculation
0x0024      [12]    _count_distance
0x0030       [4]    _UART_Wr_Ptr
0x0034       [4]    _UART_Tx_Idle_Ptr
0x0038       [4]    _UART_Rdy_Ptr
0x003C       [4]    _UART_Rd_Ptr
0x0040       [1]    FARG_UART1_Write_data_
0x0F80       [1]    PORTA
0x0F81       [1]    PORTB
0x0F82       [1]    PORTC
0x0F83       [1]    PORTD
0x0F84       [1]    PORTE
0x0F89       [1]    LATA
0x0F8A       [1]    LATB
0x0F8B       [1]    LATC
0x0F8C       [1]    LATD
0x0F8D       [1]    LATE
0x0F92       [1]    TRISA
0x0F93       [1]    TRISB
0x0F94       [1]    TRISC
0x0F94       [0]    TRISC6_bit
0x0F94       [0]    TRISC7_bit
0x0F95       [1]    TRISD
0x0F96       [1]    TRISE
0x0F9E       [1]    PIR1
0x0FAB       [1]    RCSTA
0x0FAC       [1]    TXSTA
0x0FAD       [1]    TXREG
0x0FAE       [1]    RCREG
0x0FAF       [1]    SPBRG
0x0FB0       [1]    SPBRGH
0x0FB4       [1]    CMCON
0x0FB8       [1]    BAUDCON
0x0FC1       [1]    ADCON1
0x0FD8       [1]    STATUS
0x0FD9       [1]    FSR2L
0x0FDA       [1]    FSR2H
0x0FDE       [1]    POSTINC2
0x0FE0       [1]    BSR
0x0FE1       [1]    FSR1L
0x0FE2       [1]    FSR1H
0x0FE4       [1]    PREINC1
0x0FE6       [1]    POSTINC1
0x0FE7       [1]    INDF1
0x0FE8       [1]    WREG
0x0FE9       [1]    FSR0L
0x0FEA       [1]    FSR0H
0x0FEE       [1]    POSTINC0
0x0FF1       [1]    INTCON2
0x0FF3       [1]    PRODL
0x0FF4       [1]    PRODH
0x0FF5       [1]    TABLAT
0x0FF6       [1]    TBLPTRL
0x0FF7       [1]    TBLPTRH
0x0FF8       [1]    TBLPTRU
//** Label List: ** 
//----------------------------------------------
  L_main0
  L_main1
  L_main2
  L_main3
  L_main4
  L_main5
  L_main6
  L_main7
  L_main8
  L_main9
  L_main10
  L_main11
  L_main12
  L_main13
  L_main14
  L_main15
  L_main16
  L_main17
  L_main18
  L_main19
  L_main20
  L_main21
  L_end_main
  _main
  L__main23
  L__main24
  L__main25
  L_end____init_core___
  ____init_core___
  L_end_main_init
  _main_init
  L_Div_16x16_S0
  L_Div_16x16_S1
  LOOPS3232A
  SADD22LA
  SOK22LA
  SADD22L8
  SOK22L8
  LOOPS3232B
  SADD22LB
  SOK22LB
  SADD22L16
  SOK22L16
  LOOPS3232C
  SADD22LC
  SOK22LC
  SADD22L24
  SOK22L24
  LOOPS3232D
  SADD22LD
  SOK22LD
  SOK22L
  L_Div_32x32_S6
  L_Div_32x32_S7
  L_Div_32x32_S8
  L_Div_32x32_S9
  FXD3232S
  END_ALL
  CA3232S
  C3232SX
  C3232SX1
  C3232S
  C3232S2
  C3232SX4
  C3232SOK
  C3232SX3
  C3232SX2
  avoid_comfrem
  LOOPU3232A
  UADD22LA
  UOK22LA
  UADD22L8
  UOK22L8
  LOOPU3232B
  UADD22LB
  UOK22LB
  UADD22L16
  UOK22L16
  LOOPU3232C
  UADD22LC
  UOK22LC
  UADD22L24
  UOK22L24
  LOOPU3232D
  UADD22LD
  UOK22LD
  UOK22L
  _NEXT
  _EXIT2
  _LOOP
  _EXIT1
  _IF_FIRST
  _IF_SECOND
  _INVERCE_FIRST
  _MULT
  _INBERSE_SECOND
  _EXIT
  L_end_Div_8x8_U
  _Div_8x8_U
  L_end_Div_16x16_U
  _Div_16x16_U
  L_end_Div_16x16_S_L
  _Div_16x16_S_L
  L_end_Div_16x16_S
  _Div_16x16_S
  L_end_Div_8x8_S
  _Div_8x8_S
  L_end_Mul_8x8_S
  _Mul_8x8_S
  L_end_Mul_16x16_U
  _Mul_16x16_U
  L_end_Mul_16x16_S
  _Mul_16x16_S
  L_end_SDIV3232L
  _SDIV3232L
  L_end_COMFREM
  _COMFREM
  L_end_Div_32x32_S
  _Div_32x32_S
  L_end_Div_32x32_U
  _Div_32x32_U
  L_end_Mul_32x32_U
  _Mul_32x32_U
  L_end_Mul_32x32_S
  _Mul_32x32_S
  SETFOV32EEE
  SETFUN32EEE
  NRMRND4032
  NRM40JPSETFOV32
  NRM4032
  NRM4032A
  TNIB4032
  NORM4032
  TNORMUN4032
  NRM40JPSETFUN32
  NRM40JPFIXSIGN32
  NRM4032B
  TNIB4032A
  NORM4032A
  NRM4032C
  TNIB4032B
  NORM4032B
  NRM40JPRES032
  TNIB4032C
  NORM4032C
  NRM40EEE
  NORM3232
  JPNRES032
  JPNSETFUN32
  NORM3232A
  JMPNFIXSIGN32
  NORM32EEE
  SETIOV3224EEE
  FPA32
  USEA32
  USEB32
  BRETURN32
  BLIGNED32
  BNIB32
  BNIB32A
  BNIB32B
  BNIB32C
  ADDEOK
  BLOOP32C
  BLOOP32B
  BLOOP32A
  BLOOP32
  AOK32
  BNE032
  ALIGNED32
  ANIB32
  ANIB32A
  ANIB32B
  ANIB32C
  ALOOP32C
  ALOOP32B
  ALOOP32A
  ALOOP32
  ACOMP32
  ADDJPNRMRND4032
  ADDJPSETFOV32
  ADDJPNRM4032
  ADDEEE
  FPS32
  FPM32
  MULJPRES032
  M32BNE0
  MTUN32
  MULJPSETFOV32
  MOK32
  MULJPSETFUN32
  MROUND32
  MUL32OK
  MULEEE
  L_Div_32x32_FP11
  L_Div_32x32_FP12
  L_Div_32x32_FP13
  L_Div_32x32_FP14
  FPD32
  JPDSETFDZ32
  JPDRES032
  D32BNE0
  TALIGN32
  TS1ALIGN32
  TS2ALIGN32
  DALIGN32OK
  ALTB32
  AGEB32
  JPDSETFOV32
  DARGOK32
  JPDSETFUN32
  DLOOP32
  DS132
  DS232
  DREST32
  DOK32
  DAREST32
  DROUND32
  DIV32OK
  DIV32EEE
  INT3232U
  INT3232UEOK
  SETEXP32U
  SETIOV32U
  TSHIFT3232U
  SHIFT3232UOK
  SHIFT3232U
  INT3232UOK
  JPLSETIOV3224
  IRES032U
  INT3232UEER
  INT3232UEEE
  INT3232
  INT3232EOK
  SETIOV32
  TSHIFT3232
  SHIFT3232OK
  SHIFT3232
  INT3232OK
  JPISETIOV3224
  IRES032
  INT3232EER
  INT3232EEE
  INT3216
  IRES016
  SETIOV16
  TSHIFT3216
  SHIFT3216OK
  SHIFT3216
  INT3216OK
  JPJSETIOV3224
  INT3216EOK
  INT3216EER
  INT3216EEE
  INT3216U
  IRES016U
  SETEXP16U
  SETIOV16U
  TSHIFT3216U
  SHIFT3216UOK
  SHIFT3216U
  INT3216UOK
  JPKSETIOV3224
  INT3216UEOK
  INT3216UEER
  INT3216UEEE
  INT32U08
  IRES008
  SETEXP08
  SETIOV08
  TSHIFT3208
  SHIFT3208OK
  SHIFT3208
  INT3208OK
  D2B_JPKSETIOV3224
  INT3208EOK
  INT3208EER
  INT3208EEE
  FLO08U32
  FLO1632
  FLO1632EEE
  FLO16U32
  FLO3232
  FLO3232EEE
  FLO32U32
  EQU_FALSE
  COMPARE_EQU
  COMPARE_NOTZERO
  COMPARE_XNOTZERO
  COMPARE_YNOTZERO
  COMPARE_LT
  COMPARE_GT
  COMPARE_TESTALL
  COMPARE_C1
  GT_FALSE
  GT_TRUE
  COMPARE_C2
  COMPARE_C3
  L_end_SETFOV32
  _SETFOV32
  L_end_SETFDZ32
  _SETFDZ32
  L_end_FIXSIGN32
  _FIXSIGN32
  L_end_RES032
  _RES032
  L_end_SETFUN32
  _SETFUN32
  L_end_NRM4032
  _NRM4032
  L_end_NRM3232
  _NRM3232
  L_end_SETIOV3224
  _SETIOV3224
  L_end_Add_32x32_FP
  _Add_32x32_FP
  L_end_Sub_32x32_FP
  _Sub_32x32_FP
  L_end_Mul_32x32_FP
  _Mul_32x32_FP
  L_end_Div_32x32_FP
  _Div_32x32_FP
  L_end_Double2Longword
  _Double2Longword
  L_end_Double2Longint
  _Double2Longint
  L_end_Double2Int
  _Double2Int
  L_end_Double2Word
  _Double2Word
  L_end_Double2Byte
  _Double2Byte
  L_end_Byte2Double
  _Byte2Double
  L_end_Int2Double
  _Int2Double
  L_end_Word2Double
  _Word2Double
  L_end_Longint2Double
  _Longint2Double
  L_end_Longword2Double
  _Longword2Double
  L_end_Equals_Double
  _Equals_Double
  L_end_Compare_Double
  _Compare_Double
  L_UART1_Init0
  L_UART1_Init1
  L_UART1_Read2
  L_UART1_Write3
  L_UART1_Write4
  L_UART1_Write_Text5
  L_UART1_Write_Text6
  L_UART1_Read_Text7
  L_UART1_Read_Text8
  L_UART1_Read_Text9
  L_UART1_Read_Text10
  L_UART1_Read_Text11
  L_UART1_Read_Text12
  L_UART1_Read_Text13
  L_UART1_Read_Text14
  L_UART1_Read_Text15
  L_UART_Write_Text16
  L_UART_Write_Text17
  L_UART_Read_Text18
  L_UART_Read_Text19
  L_UART_Read_Text20
  L_UART_Read_Text21
  L_UART_Read_Text22
  L_UART_Read_Text23
  L_UART_Read_Text24
  L_UART_Read_Text25
  L_UART_Read_Text26
  L_end_UART1_Init
  _UART1_Init
  L_end_UART1_Data_Ready
  _UART1_Data_Ready
  L_end_UART1_Read
  _UART1_Read
  L_end_UART1_Tx_Idle
  _UART1_Tx_Idle
  L_end_UART1_Write
  _UART1_Write
  L_end_UART1_Write_Text
  _UART1_Write_Text
  L_end_UART1_Read_Text
  _UART1_Read_Text
  L_end_UART_Set_Active
  _UART_Set_Active
  L_end_UART_Write
  _UART_Write
  L_end_UART_Write_Text
  _UART_Write_Text
  L_end_UART_Read
  _UART_Read
  L_end_UART_Data_Ready
  _UART_Data_Ready
  L_end_UART_Read_Text
  _UART_Read_Text
  L_end_UART_Tx_Idle
  _UART_Tx_Idle
